(13:12:55.694) INFO: [TadState] TAD state init (NONE)
(13:15:15.986) INFO: [TadModel] DSF session ID 0 has started
(13:15:21.207) INFO: [TadState] TAD state changed from DEBUG_STARTED to DEBUG_INIT_0 (Suspended, USER_REQUEST)
(13:15:25.585) INFO: [TadState] TAD state changed from DEBUG_INIT_0 to DEBUG_INIT_1 (Resumed, USER_REQUEST)
(13:15:25.586) INFO: [TadState] TAD state changed from DEBUG_INIT_1 to DEBUG_SUSPENDED (Suspended, BREAKPOINT)
(13:15:45.928) INFO: [TadModel] DSF session ID 1 has started
(13:15:48.593) INFO: [TadState] TAD state changed from DEBUG_STARTED to DEBUG_INIT_0 (Suspended, USER_REQUEST)
(13:15:52.261) INFO: [TadState] TAD state changed from DEBUG_INIT_0 to DEBUG_INIT_1 (Resumed, USER_REQUEST)
(13:15:52.262) INFO: [TadState] TAD state changed from DEBUG_INIT_1 to DEBUG_SUSPENDED (Suspended, BREAKPOINT)
(13:16:57.673) INFO: [TadModel] DSF session ID 2 has started
(13:17:00.476) INFO: [TadState] TAD state changed from DEBUG_STARTED to DEBUG_INIT_0 (Suspended, USER_REQUEST)
(13:17:02.265) INFO: [TadState] TAD state changed from DEBUG_INIT_0 to DEBUG_INIT_1 (Resumed, USER_REQUEST)
(13:17:02.293) INFO: [TadState] TAD state changed from DEBUG_INIT_1 to DEBUG_SUSPENDED (Suspended, BREAKPOINT)
(13:17:04.688) INFO: [TadState] TAD state changed from DEBUG_SUSPENDED to DEBUG_RESUMED (Resumed, STEP)
(13:17:04.776) INFO: [TadState] TAD state changed from DEBUG_RESUMED to READY (Suspended, STEP)
(13:17:05.286) ReadingException: com.freescale.mqx.gdb.tad.model.globalstatus.TadGlobalStatusFactory.isMqxDataValid() at 60.line "readLongVariableSafely(_mqx_kernel_data)"
(13:17:05.287) ERROR: [TadGlobalStatusFactory] Kernel Data NOT valid (pointer: 0x0000)
(13:17:05.287) ERROR: [TadGlobalStatusFactory] MQX data not valid!
(13:17:05.287) INFO: [TadModel$3] Loading of TAD Global Status took 506 ms
(13:17:05.287) INFO: [TadGlobalStatusController] TAD global status data is ready!
(13:17:05.828) INFO: [TadState] TAD state changed from READY to DEBUG_RESUMED (Resumed, STEP)
(13:17:05.984) INFO: [TadState] TAD state changed from DEBUG_RESUMED to READY (Suspended, STEP)
(13:17:06.118) INFO: [TadState] TAD state changed from READY to DEBUG_RESUMED (Resumed, STEP)
(13:17:06.271) INFO: [TadState] TAD state changed from DEBUG_RESUMED to READY (Suspended, STEP)
(13:17:06.338) INFO: [TadState] TAD state changed from READY to DEBUG_RESUMED (Resumed, STEP)
(13:17:06.498) INFO: [TadState] TAD state changed from DEBUG_RESUMED to READY (Suspended, STEP)
(13:17:06.501) ReadingException: com.freescale.mqx.gdb.tad.model.globalstatus.TadGlobalStatusFactory.isMqxDataValid() at 60.line "readLongVariableSafely(_mqx_kernel_data)"
(13:17:06.501) ERROR: [TadGlobalStatusFactory] Kernel Data NOT valid (pointer: 0x0000)
(13:17:06.501) ERROR: [TadGlobalStatusFactory] MQX data not valid!
(13:17:06.501) INFO: [TadModel$3] Loading of TAD Global Status took 515 ms
(13:17:06.564) INFO: [TadState] TAD state changed from READY to DEBUG_RESUMED (Resumed, STEP)
(13:17:06.720) INFO: [TadState] TAD state changed from DEBUG_RESUMED to READY (Suspended, STEP)
(13:17:06.774) INFO: [TadState] TAD state changed from READY to DEBUG_RESUMED (Resumed, STEP)
(13:17:06.933) INFO: [TadState] TAD state changed from DEBUG_RESUMED to READY (Suspended, STEP)
(13:17:06.995) INFO: [TadState] TAD state changed from READY to DEBUG_RESUMED (Resumed, STEP)
(13:17:07.009) ReadingException: com.freescale.mqx.gdb.tad.model.globalstatus.TadGlobalStatusFactory.isMqxDataValid() at 60.line "readLongVariableSafely(_mqx_kernel_data)"
(13:17:07.009) ERROR: [TadGlobalStatusFactory] Kernel Data NOT valid (pointer: 0x0000)
(13:17:07.009) ERROR: [TadGlobalStatusFactory] MQX data not valid!
(13:17:07.009) INFO: [TadModel$3] Loading of TAD Global Status took 509 ms
(13:17:07.284) INFO: [TadState] TAD state changed from DEBUG_RESUMED to READY (Suspended, STEP)
(13:17:07.347) INFO: [TadState] TAD state changed from READY to DEBUG_RESUMED (Resumed, STEP)
(13:17:07.515) ReadingException: com.freescale.mqx.gdb.tad.model.globalstatus.TadGlobalStatusFactory.isMqxDataValid() at 60.line "readLongVariableSafely(_mqx_kernel_data)"
(13:17:07.515) ERROR: [TadGlobalStatusFactory] Kernel Data NOT valid (pointer: 0x0000)
(13:17:07.515) ERROR: [TadGlobalStatusFactory] MQX data not valid!
(13:17:07.515) INFO: [TadModel$3] Loading of TAD Global Status took 1241 ms
(13:17:07.626) INFO: [TadState] TAD state changed from DEBUG_RESUMED to READY (Suspended, STEP)
(13:17:07.687) INFO: [TadState] TAD state changed from READY to DEBUG_RESUMED (Resumed, STEP)
(13:17:08.021) ReadingException: com.freescale.mqx.gdb.tad.model.globalstatus.TadGlobalStatusFactory.isMqxDataValid() at 60.line "readLongVariableSafely(_mqx_kernel_data)"
(13:17:08.021) ERROR: [TadGlobalStatusFactory] Kernel Data NOT valid (pointer: 0x0000)
(13:17:08.021) ERROR: [TadGlobalStatusFactory] MQX data not valid!
(13:17:08.021) INFO: [TadModel$3] Loading of TAD Global Status took 734 ms
(13:17:08.059) INFO: [TadState] TAD state changed from DEBUG_RESUMED to READY (Suspended, STEP)
(13:17:08.376) INFO: [TadState] TAD state changed from READY to DEBUG_RESUMED (Resumed, STEP)
(13:17:08.475) INFO: [TadState] TAD state changed from DEBUG_RESUMED to READY (Suspended, STEP)
(13:17:08.528) ReadingException: com.freescale.mqx.gdb.tad.model.globalstatus.TadGlobalStatusFactory.isMqxDataValid() at 60.line "readLongVariableSafely(_mqx_kernel_data)"
(13:17:08.528) ERROR: [TadGlobalStatusFactory] Kernel Data NOT valid (pointer: 0x0000)
(13:17:08.528) ERROR: [TadGlobalStatusFactory] MQX data not valid!
(13:17:08.528) INFO: [TadModel$3] Loading of TAD Global Status took 1805 ms
(13:17:08.698) INFO: [TadState] TAD state changed from READY to DEBUG_RESUMED (Resumed, STEP)
(13:17:09.035) ReadingException: com.freescale.mqx.gdb.tad.model.globalstatus.TadGlobalStatusFactory.isMqxDataValid() at 60.line "readLongVariableSafely(_mqx_kernel_data)"
(13:17:09.035) ERROR: [TadGlobalStatusFactory] Kernel Data NOT valid (pointer: 0x0000)
(13:17:09.035) ERROR: [TadGlobalStatusFactory] MQX data not valid!
(13:17:09.035) INFO: [TadModel$3] Loading of TAD Global Status took 974 ms
(13:17:09.062) INFO: [TadState] TAD state changed from DEBUG_RESUMED to READY (Suspended, STEP)
(13:17:09.134) INFO: [TadState] TAD state changed from READY to DEBUG_RESUMED (Resumed, STEP)
(13:17:09.285) INFO: [TadState] TAD state changed from DEBUG_RESUMED to READY (Suspended, STEP)
(13:17:09.472) INFO: [TadState] TAD state changed from READY to DEBUG_RESUMED (Resumed, STEP)
(13:17:09.545) ReadingException: com.freescale.mqx.gdb.tad.model.globalstatus.TadGlobalStatusFactory.isMqxDataValid() at 60.line "readLongVariableSafely(_mqx_kernel_data)"
(13:17:09.545) ERROR: [TadGlobalStatusFactory] Kernel Data NOT valid (pointer: 0x0000)
(13:17:09.545) ERROR: [TadGlobalStatusFactory] MQX data not valid!
(13:17:09.545) INFO: [TadModel$3] Loading of TAD Global Status took 1917 ms
(13:17:09.628) INFO: [TadState] TAD state changed from DEBUG_RESUMED to READY (Suspended, STEP)
(13:17:09.717) INFO: [TadState] TAD state changed from READY to DEBUG_RESUMED (Resumed, STEP)
(13:17:09.850) INFO: [TadState] TAD state changed from DEBUG_RESUMED to READY (Suspended, STEP)
(13:17:10.054) ReadingException: com.freescale.mqx.gdb.tad.model.globalstatus.TadGlobalStatusFactory.isMqxDataValid() at 60.line "readLongVariableSafely(_mqx_kernel_data)"
(13:17:10.054) ERROR: [TadGlobalStatusFactory] Kernel Data NOT valid (pointer: 0x0000)
(13:17:10.054) ERROR: [TadGlobalStatusFactory] MQX data not valid!
(13:17:10.054) INFO: [TadModel$3] Loading of TAD Global Status took 990 ms
(13:17:10.536) INFO: [TadState] TAD state changed from READY to DEBUG_RESUMED (Resumed, STEP)
(13:17:10.565) ReadingException: com.freescale.mqx.gdb.tad.model.globalstatus.TadGlobalStatusFactory.isMqxDataValid() at 60.line "readLongVariableSafely(_mqx_kernel_data)"
(13:17:10.565) ERROR: [TadGlobalStatusFactory] Kernel Data NOT valid (pointer: 0x0000)
(13:17:10.565) ERROR: [TadGlobalStatusFactory] MQX data not valid!
(13:17:10.565) INFO: [TadModel$3] Loading of TAD Global Status took 2037 ms
(13:17:10.633) INFO: [TadState] TAD state changed from DEBUG_RESUMED to READY (Suspended, STEP)
(13:17:10.798) INFO: [TadState] TAD state changed from READY to DEBUG_RESUMED (Resumed, STEP)
(13:17:11.075) ReadingException: com.freescale.mqx.gdb.tad.model.globalstatus.TadGlobalStatusFactory.isMqxDataValid() at 60.line "readLongVariableSafely(_mqx_kernel_data)"
(13:17:11.075) ERROR: [TadGlobalStatusFactory] Kernel Data NOT valid (pointer: 0x0000)
(13:17:11.075) ERROR: [TadGlobalStatusFactory] MQX data not valid!
(13:17:11.075) INFO: [TadModel$3] Loading of TAD Global Status took 1021 ms
(13:17:11.310) INFO: [TadState] TAD state changed from DEBUG_RESUMED to READY (Suspended, STEP)
(13:17:11.448) INFO: [TadState] TAD state changed from READY to DEBUG_RESUMED (Resumed, STEP)
(13:17:11.587) ReadingException: com.freescale.mqx.gdb.tad.model.globalstatus.TadGlobalStatusFactory.isMqxDataValid() at 60.line "readLongVariableSafely(_mqx_kernel_data)"
(13:17:11.587) ERROR: [TadGlobalStatusFactory] Kernel Data NOT valid (pointer: 0x0000)
(13:17:11.587) ERROR: [TadGlobalStatusFactory] MQX data not valid!
(13:17:11.588) INFO: [TadModel$3] Loading of TAD Global Status took 1958 ms
(13:17:11.642) INFO: [TadState] TAD state changed from DEBUG_RESUMED to READY (Suspended, STEP)
(13:17:11.758) INFO: [TadState] TAD state changed from READY to DEBUG_RESUMED (Resumed, STEP)
(13:17:11.910) INFO: [TadState] TAD state changed from DEBUG_RESUMED to READY (Suspended, STEP)
(13:17:12.099) ReadingException: com.freescale.mqx.gdb.tad.model.globalstatus.TadGlobalStatusFactory.isMqxDataValid() at 60.line "readLongVariableSafely(_mqx_kernel_data)"
(13:17:12.099) ERROR: [TadGlobalStatusFactory] Kernel Data NOT valid (pointer: 0x0000)
(13:17:12.099) ERROR: [TadGlobalStatusFactory] MQX data not valid!
(13:17:12.099) INFO: [TadModel$3] Loading of TAD Global Status took 786 ms
(13:17:12.117) INFO: [TadState] TAD state changed from READY to DEBUG_RESUMED (Resumed, STEP)
(13:17:12.210) INFO: [TadState] TAD state changed from DEBUG_RESUMED to READY (Suspended, STEP)
(13:17:12.585) INFO: [TadState] TAD state changed from READY to DEBUG_RESUMED (Resumed, STEP)
(13:17:12.600) ReadingException: com.freescale.mqx.gdb.tad.model.globalstatus.TadGlobalStatusFactory.isMqxDataValid() at 60.line "readLongVariableSafely(_mqx_kernel_data)"
(13:17:12.600) ERROR: [TadGlobalStatusFactory] Kernel Data NOT valid (pointer: 0x0000)
(13:17:12.600) ERROR: [TadGlobalStatusFactory] MQX data not valid!
(13:17:12.600) INFO: [TadModel$3] Loading of TAD Global Status took 1964 ms
(13:17:12.683) INFO: [TadState] TAD state changed from DEBUG_RESUMED to READY (Suspended, STEP)
(13:17:13.111) ReadingException: com.freescale.mqx.gdb.tad.model.globalstatus.TadGlobalStatusFactory.isMqxDataValid() at 60.line "readLongVariableSafely(_mqx_kernel_data)"
(13:17:13.111) ERROR: [TadGlobalStatusFactory] Kernel Data NOT valid (pointer: 0x0000)
(13:17:13.111) ERROR: [TadGlobalStatusFactory] MQX data not valid!
(13:17:13.111) INFO: [TadModel$3] Loading of TAD Global Status took 1012 ms
(13:17:13.176) INFO: [TadState] TAD state changed from READY to DEBUG_RESUMED (Resumed, STEP)
(13:17:13.248) INFO: [TadState] TAD state changed from DEBUG_RESUMED to READY (Suspended, STEP)
(13:17:13.482) INFO: [TadState] TAD state changed from READY to DEBUG_RESUMED (Resumed, STEP)
(13:17:13.620) ReadingException: com.freescale.mqx.gdb.tad.model.globalstatus.TadGlobalStatusFactory.isMqxDataValid() at 60.line "readLongVariableSafely(_mqx_kernel_data)"
(13:17:13.620) ERROR: [TadGlobalStatusFactory] Kernel Data NOT valid (pointer: 0x0000)
(13:17:13.620) ERROR: [TadGlobalStatusFactory] MQX data not valid!
(13:17:13.620) INFO: [TadModel$3] Loading of TAD Global Status took 1976 ms
(13:17:13.635) INFO: [TadState] TAD state changed from DEBUG_RESUMED to READY (Suspended, STEP)
(13:17:14.083) INFO: [TadState] TAD state changed from READY to DEBUG_RESUMED (Resumed, STEP)
(13:17:14.130) ReadingException: com.freescale.mqx.gdb.tad.model.globalstatus.TadGlobalStatusFactory.isMqxDataValid() at 60.line "readLongVariableSafely(_mqx_kernel_data)"
(13:17:14.130) ERROR: [TadGlobalStatusFactory] Kernel Data NOT valid (pointer: 0x0000)
(13:17:14.130) ERROR: [TadGlobalStatusFactory] MQX data not valid!
(13:17:14.131) INFO: [TadModel$3] Loading of TAD Global Status took 880 ms
(13:17:14.428) INFO: [TadState] TAD state changed from DEBUG_RESUMED to READY (Suspended, STEP)
(13:17:14.499) INFO: [TadState] TAD state changed from READY to DEBUG_RESUMED (Resumed, STEP)
(13:17:14.636) ReadingException: com.freescale.mqx.gdb.tad.model.globalstatus.TadGlobalStatusFactory.isMqxDataValid() at 60.line "readLongVariableSafely(_mqx_kernel_data)"
(13:17:14.636) ERROR: [TadGlobalStatusFactory] Kernel Data NOT valid (pointer: 0x0000)
(13:17:14.636) ERROR: [TadGlobalStatusFactory] MQX data not valid!
(13:17:14.636) INFO: [TadModel$3] Loading of TAD Global Status took 1951 ms
(13:17:14.655) INFO: [TadState] TAD state changed from DEBUG_RESUMED to READY (Suspended, STEP)
(13:17:14.732) INFO: [TadState] TAD state changed from READY to DEBUG_RESUMED (Resumed, STEP)
(13:17:14.957) INFO: [TadState] TAD state changed from DEBUG_RESUMED to READY (Suspended, STEP)
(13:17:15.023) INFO: [TadState] TAD state changed from READY to DEBUG_RESUMED (Resumed, STEP)
(13:17:15.144) ReadingException: com.freescale.mqx.gdb.tad.model.globalstatus.TadGlobalStatusFactory.isMqxDataValid() at 60.line "readLongVariableSafely(_mqx_kernel_data)"
(13:17:15.144) ERROR: [TadGlobalStatusFactory] Kernel Data NOT valid (pointer: 0x0000)
(13:17:15.144) ERROR: [TadGlobalStatusFactory] MQX data not valid!
(13:17:15.144) INFO: [TadModel$3] Loading of TAD Global Status took 713 ms
(13:17:15.182) INFO: [TadState] TAD state changed from DEBUG_RESUMED to READY (Suspended, STEP)
(13:17:15.299) INFO: [TadState] TAD state changed from READY to DEBUG_RESUMED (Resumed, STEP)
(13:17:15.461) INFO: [TadState] TAD state changed from DEBUG_RESUMED to READY (Suspended, STEP)
(13:17:15.577) INFO: [TadState] TAD state changed from READY to DEBUG_RESUMED (Resumed, STEP)
(13:17:15.652) ReadingException: com.freescale.mqx.gdb.tad.model.globalstatus.TadGlobalStatusFactory.isMqxDataValid() at 60.line "readLongVariableSafely(_mqx_kernel_data)"
(13:17:15.652) ERROR: [TadGlobalStatusFactory] Kernel Data NOT valid (pointer: 0x0000)
(13:17:15.652) ERROR: [TadGlobalStatusFactory] MQX data not valid!
(13:17:15.652) INFO: [TadModel$3] Loading of TAD Global Status took 2014 ms
(13:17:15.741) INFO: [TadState] TAD state changed from DEBUG_RESUMED to READY (Suspended, STEP)
(13:17:15.809) INFO: [TadState] TAD state changed from READY to DEBUG_RESUMED (Resumed, STEP)
(13:17:15.908) INFO: [TadState] TAD state changed from DEBUG_RESUMED to READY (Suspended, STEP)
(13:17:16.058) INFO: [TadState] TAD state changed from READY to DEBUG_RESUMED (Resumed, STEP)
(13:17:16.165) ReadingException: com.freescale.mqx.gdb.tad.model.globalstatus.TadGlobalStatusFactory.isMqxDataValid() at 60.line "readLongVariableSafely(_mqx_kernel_data)"
(13:17:16.165) ERROR: [TadGlobalStatusFactory] Kernel Data NOT valid (pointer: 0x0000)
(13:17:16.165) ERROR: [TadGlobalStatusFactory] MQX data not valid!
(13:17:16.165) INFO: [TadModel$3] Loading of TAD Global Status took 981 ms
(13:17:16.223) INFO: [TadState] TAD state changed from DEBUG_RESUMED to READY (Suspended, STEP)
(13:17:16.289) INFO: [TadState] TAD state changed from READY to DEBUG_RESUMED (Resumed, STEP)
(13:17:16.519) INFO: [TadState] TAD state changed from DEBUG_RESUMED to READY (Suspended, STEP)
(13:17:16.584) INFO: [TadState] TAD state changed from READY to DEBUG_RESUMED (Resumed, STEP)
(13:17:16.675) ReadingException: com.freescale.mqx.gdb.tad.model.globalstatus.TadGlobalStatusFactory.isMqxDataValid() at 60.line "readLongVariableSafely(_mqx_kernel_data)"
(13:17:16.675) ERROR: [TadGlobalStatusFactory] Kernel Data NOT valid (pointer: 0x0000)
(13:17:16.676) ERROR: [TadGlobalStatusFactory] MQX data not valid!
(13:17:16.676) INFO: [TadModel$3] Loading of TAD Global Status took 2018 ms
(13:17:16.806) INFO: [TadState] TAD state changed from DEBUG_RESUMED to READY (Suspended, STEP)
(13:17:16.883) INFO: [TadState] TAD state changed from READY to DEBUG_RESUMED (Resumed, STEP)
(13:17:17.044) INFO: [TadState] TAD state changed from DEBUG_RESUMED to READY (Suspended, STEP)
(13:17:17.110) INFO: [TadState] TAD state changed from READY to DEBUG_RESUMED (Resumed, STEP)
(13:17:17.184) ReadingException: com.freescale.mqx.gdb.tad.model.globalstatus.TadGlobalStatusFactory.isMqxDataValid() at 60.line "readLongVariableSafely(_mqx_kernel_data)"
(13:17:17.184) ERROR: [TadGlobalStatusFactory] Kernel Data NOT valid (pointer: 0x0000)
(13:17:17.184) ERROR: [TadGlobalStatusFactory] MQX data not valid!
(13:17:17.184) INFO: [TadModel$3] Loading of TAD Global Status took 959 ms
(13:17:17.329) INFO: [TadState] TAD state changed from DEBUG_RESUMED to READY (Suspended, STEP)
(13:17:17.381) INFO: [TadState] TAD state changed from READY to DEBUG_RESUMED (Resumed, STEP)
(13:17:17.571) INFO: [TadState] TAD state changed from DEBUG_RESUMED to READY (Suspended, STEP)
(13:17:17.693) ReadingException: com.freescale.mqx.gdb.tad.model.globalstatus.TadGlobalStatusFactory.isMqxDataValid() at 60.line "readLongVariableSafely(_mqx_kernel_data)"
(13:17:17.693) ERROR: [TadGlobalStatusFactory] Kernel Data NOT valid (pointer: 0x0000)
(13:17:17.693) ERROR: [TadGlobalStatusFactory] MQX data not valid!
(13:17:17.693) INFO: [TadModel$3] Loading of TAD Global Status took 1950 ms
(13:17:17.694) INFO: [TadState] TAD state changed from READY to DEBUG_RESUMED (Resumed, STEP)
(13:17:17.897) INFO: [TadState] TAD state changed from DEBUG_RESUMED to READY (Suspended, STEP)
(13:17:18.003) INFO: [TadState] TAD state changed from READY to DEBUG_RESUMED (Resumed, STEP)
(13:17:18.070) INFO: [TadState] TAD state changed from DEBUG_RESUMED to READY (Suspended, STEP)
(13:17:18.129) INFO: [TadState] TAD state changed from READY to DEBUG_RESUMED (Resumed, STEP)
(13:17:18.204) ReadingException: com.freescale.mqx.gdb.tad.model.globalstatus.TadGlobalStatusFactory.isMqxDataValid() at 60.line "readLongVariableSafely(_mqx_kernel_data)"
(13:17:18.204) ERROR: [TadGlobalStatusFactory] Kernel Data NOT valid (pointer: 0x0000)
(13:17:18.204) ERROR: [TadGlobalStatusFactory] MQX data not valid!
(13:17:18.204) INFO: [TadModel$3] Loading of TAD Global Status took 872 ms
(13:17:18.227) INFO: [TadState] TAD state changed from DEBUG_RESUMED to READY (Suspended, STEP)
(13:17:18.299) INFO: [TadState] TAD state changed from READY to DEBUG_RESUMED (Resumed, STEP)
(13:17:18.399) INFO: [TadState] TAD state changed from DEBUG_RESUMED to READY (Suspended, STEP)
(13:17:18.474) INFO: [TadState] TAD state changed from READY to DEBUG_RESUMED (Resumed, STEP)
(13:17:18.573) INFO: [TadState] TAD state changed from DEBUG_RESUMED to READY (Suspended, STEP)
(13:17:18.638) INFO: [TadState] TAD state changed from READY to DEBUG_RESUMED (Resumed, STEP)
(13:17:18.715) ReadingException: com.freescale.mqx.gdb.tad.model.globalstatus.TadGlobalStatusFactory.isMqxDataValid() at 60.line "readLongVariableSafely(_mqx_kernel_data)"
(13:17:18.715) ERROR: [TadGlobalStatusFactory] Kernel Data NOT valid (pointer: 0x0000)
(13:17:18.715) ERROR: [TadGlobalStatusFactory] MQX data not valid!
(13:17:18.715) INFO: [TadModel$3] Loading of TAD Global Status took 1906 ms
(13:17:18.737) INFO: [TadState] TAD state changed from DEBUG_RESUMED to READY (Suspended, STEP)
(13:17:18.789) INFO: [TadState] TAD state changed from READY to DEBUG_RESUMED (Resumed, STEP)
(13:17:18.920) INFO: [TadState] TAD state changed from DEBUG_RESUMED to READY (Suspended, STEP)
(13:17:18.978) INFO: [TadState] TAD state changed from READY to DEBUG_RESUMED (Resumed, STEP)
(13:17:19.172) INFO: [TadState] TAD state changed from DEBUG_RESUMED to READY (Suspended, STEP)
(13:17:19.224) ReadingException: com.freescale.mqx.gdb.tad.model.globalstatus.TadGlobalStatusFactory.isMqxDataValid() at 60.line "readLongVariableSafely(_mqx_kernel_data)"
(13:17:19.224) ERROR: [TadGlobalStatusFactory] Kernel Data NOT valid (pointer: 0x0000)
(13:17:19.224) ERROR: [TadGlobalStatusFactory] MQX data not valid!
(13:17:19.224) INFO: [TadModel$3] Loading of TAD Global Status took 995 ms
(13:17:19.243) INFO: [TadState] TAD state changed from READY to DEBUG_RESUMED (Resumed, STEP)
(13:17:19.440) INFO: [TadState] TAD state changed from DEBUG_RESUMED to READY (Suspended, STEP)
(13:17:19.502) INFO: [TadState] TAD state changed from READY to DEBUG_RESUMED (Resumed, STEP)
(13:17:19.697) INFO: [TadState] TAD state changed from DEBUG_RESUMED to READY (Suspended, STEP)
(13:17:19.733) ReadingException: com.freescale.mqx.gdb.tad.model.globalstatus.TadGlobalStatusFactory.isMqxDataValid() at 60.line "readLongVariableSafely(_mqx_kernel_data)"
(13:17:19.733) ERROR: [TadGlobalStatusFactory] Kernel Data NOT valid (pointer: 0x0000)
(13:17:19.733) ERROR: [TadGlobalStatusFactory] MQX data not valid!
(13:17:19.733) INFO: [TadModel$3] Loading of TAD Global Status took 2040 ms
(13:17:19.770) INFO: [TadState] TAD state changed from READY to DEBUG_RESUMED (Resumed, STEP)
(13:17:19.870) INFO: [TadState] TAD state changed from DEBUG_RESUMED to READY (Suspended, STEP)
(13:17:19.935) INFO: [TadState] TAD state changed from READY to DEBUG_RESUMED (Resumed, STEP)
(13:17:20.164) INFO: [TadState] TAD state changed from DEBUG_RESUMED to READY (Suspended, STEP)
(13:17:20.242) ReadingException: com.freescale.mqx.gdb.tad.model.globalstatus.TadGlobalStatusFactory.isMqxDataValid() at 60.line "readLongVariableSafely(_mqx_kernel_data)"
(13:17:20.242) ERROR: [TadGlobalStatusFactory] Kernel Data NOT valid (pointer: 0x0000)
(13:17:20.242) ERROR: [TadGlobalStatusFactory] MQX data not valid!
(13:17:20.242) INFO: [TadModel$3] Loading of TAD Global Status took 1018 ms
(13:17:20.459) INFO: [TadState] TAD state changed from READY to DEBUG_RESUMED (Resumed, STEP)
(13:17:20.650) INFO: [TadState] TAD state changed from DEBUG_RESUMED to READY (Suspended, STEP)
(13:17:20.750) ReadingException: com.freescale.mqx.gdb.tad.model.globalstatus.TadGlobalStatusFactory.isMqxDataValid() at 60.line "readLongVariableSafely(_mqx_kernel_data)"
(13:17:20.750) ERROR: [TadGlobalStatusFactory] Kernel Data NOT valid (pointer: 0x0000)
(13:17:20.750) ERROR: [TadGlobalStatusFactory] MQX data not valid!
(13:17:20.750) INFO: [TadModel$3] Loading of TAD Global Status took 2010 ms
(13:17:21.211) INFO: [TadState] TAD state changed from READY to DEBUG_RESUMED (Resumed, STEP)
(13:17:21.257) ReadingException: com.freescale.mqx.gdb.tad.model.globalstatus.TadGlobalStatusFactory.isMqxDataValid() at 60.line "readLongVariableSafely(_mqx_kernel_data)"
(13:17:21.257) ERROR: [TadGlobalStatusFactory] Kernel Data NOT valid (pointer: 0x0000)
(13:17:21.257) ERROR: [TadGlobalStatusFactory] MQX data not valid!
(13:17:21.257) INFO: [TadModel$3] Loading of TAD Global Status took 1015 ms
(13:17:21.345) INFO: [TadState] TAD state changed from DEBUG_RESUMED to READY (Suspended, STEP)
(13:17:21.661) INFO: [TadState] TAD state changed from READY to DEBUG_RESUMED (Resumed, STEP)
(13:17:21.760) INFO: [TadState] TAD state changed from DEBUG_RESUMED to READY (Suspended, STEP)
(13:17:21.767) ReadingException: com.freescale.mqx.gdb.tad.model.globalstatus.TadGlobalStatusFactory.isMqxDataValid() at 60.line "readLongVariableSafely(_mqx_kernel_data)"
(13:17:21.767) ERROR: [TadGlobalStatusFactory] Kernel Data NOT valid (pointer: 0x0000)
(13:17:21.767) ERROR: [TadGlobalStatusFactory] MQX data not valid!
(13:17:21.767) INFO: [TadModel$3] Loading of TAD Global Status took 2034 ms
(13:17:22.001) INFO: [TadState] TAD state changed from READY to DEBUG_RESUMED (Resumed, STEP)
(13:17:22.098) INFO: [TadState] TAD state changed from DEBUG_RESUMED to READY (Suspended, STEP)
(13:17:22.247) INFO: [TadState] TAD state changed from READY to DEBUG_RESUMED (Resumed, STEP)
(13:17:22.277) ReadingException: com.freescale.mqx.gdb.tad.model.globalstatus.TadGlobalStatusFactory.isMqxDataValid() at 60.line "readLongVariableSafely(_mqx_kernel_data)"
(13:17:22.277) ERROR: [TadGlobalStatusFactory] Kernel Data NOT valid (pointer: 0x0000)
(13:17:22.277) ERROR: [TadGlobalStatusFactory] MQX data not valid!
(13:17:22.277) INFO: [TadModel$3] Loading of TAD Global Status took 930 ms
(13:17:22.471) INFO: [TadState] TAD state changed from DEBUG_RESUMED to READY (Suspended, STEP)
(13:17:22.541) INFO: [TadState] TAD state changed from READY to DEBUG_RESUMED (Resumed, STEP)
(13:17:22.764) INFO: [TadState] TAD state changed from DEBUG_RESUMED to READY (Suspended, STEP)
(13:17:22.785) ReadingException: com.freescale.mqx.gdb.tad.model.globalstatus.TadGlobalStatusFactory.isMqxDataValid() at 60.line "readLongVariableSafely(_mqx_kernel_data)"
(13:17:22.785) ERROR: [TadGlobalStatusFactory] Kernel Data NOT valid (pointer: 0x0000)
(13:17:22.785) ERROR: [TadGlobalStatusFactory] MQX data not valid!
(13:17:22.785) INFO: [TadModel$3] Loading of TAD Global Status took 2035 ms
(13:17:22.970) INFO: [TadState] TAD state changed from READY to DEBUG_RESUMED (Resumed, STEP)
(13:17:23.100) INFO: [TadState] TAD state changed from DEBUG_RESUMED to READY (Suspended, STEP)
(13:17:23.293) ReadingException: com.freescale.mqx.gdb.tad.model.globalstatus.TadGlobalStatusFactory.isMqxDataValid() at 60.line "readLongVariableSafely(_mqx_kernel_data)"
(13:17:23.293) ERROR: [TadGlobalStatusFactory] Kernel Data NOT valid (pointer: 0x0000)
(13:17:23.294) ERROR: [TadGlobalStatusFactory] MQX data not valid!
(13:17:23.294) INFO: [TadModel$3] Loading of TAD Global Status took 820 ms
(13:17:23.649) INFO: [TadState] TAD state changed from READY to DEBUG_RESUMED (Resumed, STEP)
(13:17:23.751) INFO: [TadState] TAD state changed from DEBUG_RESUMED to READY (Suspended, STEP)
(13:17:23.806) ReadingException: com.freescale.mqx.gdb.tad.model.globalstatus.TadGlobalStatusFactory.isMqxDataValid() at 60.line "readLongVariableSafely(_mqx_kernel_data)"
(13:17:23.806) ERROR: [TadGlobalStatusFactory] Kernel Data NOT valid (pointer: 0x0000)
(13:17:23.806) ERROR: [TadGlobalStatusFactory] MQX data not valid!
(13:17:23.806) INFO: [TadModel$3] Loading of TAD Global Status took 2039 ms
(13:17:24.168) INFO: [TadState] TAD state changed from READY to DEBUG_RESUMED (Resumed, STEP)
(13:17:24.320) ReadingException: com.freescale.mqx.gdb.tad.model.globalstatus.TadGlobalStatusFactory.isMqxDataValid() at 60.line "readLongVariableSafely(_mqx_kernel_data)"
(13:17:24.320) ERROR: [TadGlobalStatusFactory] Kernel Data NOT valid (pointer: 0x0000)
(13:17:24.320) ERROR: [TadGlobalStatusFactory] MQX data not valid!
(13:17:24.320) INFO: [TadModel$3] Loading of TAD Global Status took 1026 ms
(13:17:24.389) INFO: [TadState] TAD state changed from DEBUG_RESUMED to READY (Suspended, STEP)
(13:17:24.477) INFO: [TadState] TAD state changed from READY to DEBUG_RESUMED (Resumed, STEP)
(13:17:24.695) INFO: [TadState] TAD state changed from DEBUG_RESUMED to READY (Suspended, STEP)
(13:17:24.831) ReadingException: com.freescale.mqx.gdb.tad.model.globalstatus.TadGlobalStatusFactory.isMqxDataValid() at 60.line "readLongVariableSafely(_mqx_kernel_data)"
(13:17:24.831) ERROR: [TadGlobalStatusFactory] Kernel Data NOT valid (pointer: 0x0000)
(13:17:24.831) ERROR: [TadGlobalStatusFactory] MQX data not valid!
(13:17:24.831) INFO: [TadModel$3] Loading of TAD Global Status took 2046 ms
(13:17:25.341) ReadingException: com.freescale.mqx.gdb.tad.model.globalstatus.TadGlobalStatusFactory.isMqxDataValid() at 60.line "readLongVariableSafely(_mqx_kernel_data)"
(13:17:25.341) ERROR: [TadGlobalStatusFactory] Kernel Data NOT valid (pointer: 0x0000)
(13:17:25.341) ERROR: [TadGlobalStatusFactory] MQX data not valid!
(13:17:25.341) INFO: [TadModel$3] Loading of TAD Global Status took 949 ms
(13:17:25.387) INFO: [TadState] TAD state changed from READY to DEBUG_RESUMED (Resumed, STEP)
(13:17:25.545) INFO: [TadState] TAD state changed from DEBUG_RESUMED to READY (Suspended, STEP)
(13:17:25.842) ReadingException: com.freescale.mqx.gdb.tad.model.globalstatus.TadGlobalStatusFactory.isMqxDataValid() at 60.line "readLongVariableSafely(_mqx_kernel_data)"
(13:17:25.842) ERROR: [TadGlobalStatusFactory] Kernel Data NOT valid (pointer: 0x0000)
(13:17:25.842) ERROR: [TadGlobalStatusFactory] MQX data not valid!
(13:17:25.842) INFO: [TadModel$3] Loading of TAD Global Status took 2036 ms
(13:17:26.352) ReadingException: com.freescale.mqx.gdb.tad.model.globalstatus.TadGlobalStatusFactory.isMqxDataValid() at 60.line "readLongVariableSafely(_mqx_kernel_data)"
(13:17:26.352) ERROR: [TadGlobalStatusFactory] Kernel Data NOT valid (pointer: 0x0000)
(13:17:26.352) ERROR: [TadGlobalStatusFactory] MQX data not valid!
(13:17:26.352) INFO: [TadModel$3] Loading of TAD Global Status took 804 ms
(13:17:26.352) INFO: [TadGlobalStatusController] TAD global status data is ready!
(13:17:26.477) INFO: [TadState] TAD state changed from READY to DEBUG_RESUMED (Resumed, STEP)
(13:17:26.672) INFO: [TadState] TAD state changed from DEBUG_RESUMED to READY (Suspended, STEP)
(13:17:26.862) ReadingException: com.freescale.mqx.gdb.tad.model.globalstatus.TadGlobalStatusFactory.isMqxDataValid() at 60.line "readLongVariableSafely(_mqx_kernel_data)"
(13:17:26.862) ERROR: [TadGlobalStatusFactory] Kernel Data NOT valid (pointer: 0x0000)
(13:17:26.862) ERROR: [TadGlobalStatusFactory] MQX data not valid!
(13:17:26.862) INFO: [TadModel$3] Loading of TAD Global Status took 2030 ms
(13:17:27.313) INFO: [TadState] TAD state changed from READY to DEBUG_RESUMED (Resumed, STEP)
(13:17:27.374) ReadingException: com.freescale.mqx.gdb.tad.model.globalstatus.TadGlobalStatusFactory.isMqxDataValid() at 60.line "readLongVariableSafely(_mqx_kernel_data)"
(13:17:27.374) ERROR: [TadGlobalStatusFactory] Kernel Data NOT valid (pointer: 0x0000)
(13:17:27.374) ERROR: [TadGlobalStatusFactory] MQX data not valid!
(13:17:27.374) INFO: [TadModel$3] Loading of TAD Global Status took 699 ms
(13:17:27.470) INFO: [TadState] TAD state changed from DEBUG_RESUMED to READY (Suspended, STEP)
(13:17:27.810) INFO: [TadState] TAD state changed from READY to DEBUG_RESUMED (Resumed, STEP)
(13:17:27.940) INFO: [TadState] TAD state changed from DEBUG_RESUMED to READY (Suspended, STEP)
(13:17:27.980) ReadingException: com.freescale.mqx.gdb.tad.model.globalstatus.TadGlobalStatusFactory.isMqxDataValid() at 60.line "readLongVariableSafely(_mqx_kernel_data)"
(13:17:27.980) ERROR: [TadGlobalStatusFactory] Kernel Data NOT valid (pointer: 0x0000)
(13:17:27.980) ERROR: [TadGlobalStatusFactory] MQX data not valid!
(13:17:27.980) INFO: [TadModel$3] Loading of TAD Global Status took 507 ms
(13:17:28.287) INFO: [TadState] TAD state changed from READY to DEBUG_RESUMED (Resumed, STEP)
(13:17:28.486) ReadingException: com.freescale.mqx.gdb.tad.model.globalstatus.TadGlobalStatusFactory.isMqxDataValid() at 60.line "readLongVariableSafely(_mqx_kernel_data)"
(13:17:28.486) ERROR: [TadGlobalStatusFactory] Kernel Data NOT valid (pointer: 0x0000)
(13:17:28.486) ERROR: [TadGlobalStatusFactory] MQX data not valid!
(13:17:28.486) INFO: [TadModel$3] Loading of TAD Global Status took 544 ms
(13:17:28.517) INFO: [TadState] TAD state changed from DEBUG_RESUMED to READY (Suspended, STEP)
(13:17:28.857) INFO: [TadState] TAD state changed from READY to DEBUG_RESUMED (Resumed, STEP)
(13:17:28.896) INFO: [TadState] TAD state changed from DEBUG_RESUMED to READY (Suspended, STEP)
(13:17:29.026) ReadingException: com.freescale.mqx.gdb.tad.model.globalstatus.TadGlobalStatusFactory.isMqxDataValid() at 60.line "readLongVariableSafely(_mqx_kernel_data)"
(13:17:29.026) ERROR: [TadGlobalStatusFactory] Kernel Data NOT valid (pointer: 0x0000)
(13:17:29.026) ERROR: [TadGlobalStatusFactory] MQX data not valid!
(13:17:29.026) INFO: [TadModel$3] Loading of TAD Global Status took 505 ms
(13:17:29.445) INFO: [TadState] TAD state changed from READY to DEBUG_RESUMED (Resumed, STEP)
(13:17:29.538) ReadingException: com.freescale.mqx.gdb.tad.model.globalstatus.TadGlobalStatusFactory.isMqxDataValid() at 60.line "readLongVariableSafely(_mqx_kernel_data)"
(13:17:29.538) ERROR: [TadGlobalStatusFactory] Kernel Data NOT valid (pointer: 0x0000)
(13:17:29.538) ERROR: [TadGlobalStatusFactory] MQX data not valid!
(13:17:29.538) INFO: [TadModel$3] Loading of TAD Global Status took 639 ms
(13:17:29.640) INFO: [TadState] TAD state changed from DEBUG_RESUMED to READY (Suspended, STEP)
(13:17:29.928) INFO: [TadState] TAD state changed from READY to DEBUG_RESUMED (Resumed, STEP)
(13:17:30.158) ReadingException: com.freescale.mqx.gdb.tad.model.globalstatus.TadGlobalStatusFactory.isMqxDataValid() at 60.line "readLongVariableSafely(_mqx_kernel_data)"
(13:17:30.158) ERROR: [TadGlobalStatusFactory] Kernel Data NOT valid (pointer: 0x0000)
(13:17:30.158) ERROR: [TadGlobalStatusFactory] MQX data not valid!
(13:17:30.158) INFO: [TadModel$3] Loading of TAD Global Status took 515 ms
(13:17:30.216) INFO: [TadState] TAD state changed from DEBUG_RESUMED to READY (Suspended, STEP)
(13:17:30.667) INFO: [TadState] TAD state changed from READY to DEBUG_RESUMED (Resumed, STEP)
(13:17:30.727) ReadingException: com.freescale.mqx.gdb.tad.model.globalstatus.TadGlobalStatusFactory.isMqxDataValid() at 60.line "readLongVariableSafely(_mqx_kernel_data)"
(13:17:30.727) ERROR: [TadGlobalStatusFactory] Kernel Data NOT valid (pointer: 0x0000)
(13:17:30.727) ERROR: [TadGlobalStatusFactory] MQX data not valid!
(13:17:30.727) INFO: [TadModel$3] Loading of TAD Global Status took 509 ms
(13:17:30.861) INFO: [TadState] TAD state changed from DEBUG_RESUMED to READY (Suspended, STEP)
(13:17:31.203) INFO: [TadState] TAD state changed from READY to DEBUG_RESUMED (Resumed, STEP)
(13:17:31.371) ReadingException: com.freescale.mqx.gdb.tad.model.globalstatus.TadGlobalStatusFactory.isMqxDataValid() at 60.line "readLongVariableSafely(_mqx_kernel_data)"
(13:17:31.371) ERROR: [TadGlobalStatusFactory] Kernel Data NOT valid (pointer: 0x0000)
(13:17:31.371) ERROR: [TadGlobalStatusFactory] MQX data not valid!
(13:17:31.372) INFO: [TadModel$3] Loading of TAD Global Status took 507 ms
(13:17:31.397) INFO: [TadState] TAD state changed from DEBUG_RESUMED to READY (Suspended, STEP)
(13:17:31.909) ReadingException: com.freescale.mqx.gdb.tad.model.globalstatus.TadGlobalStatusFactory.isMqxDataValid() at 60.line "readLongVariableSafely(_mqx_kernel_data)"
(13:17:31.909) ERROR: [TadGlobalStatusFactory] Kernel Data NOT valid (pointer: 0x0000)
(13:17:31.909) ERROR: [TadGlobalStatusFactory] MQX data not valid!
(13:17:31.909) INFO: [TadModel$3] Loading of TAD Global Status took 510 ms
(13:17:31.909) INFO: [TadGlobalStatusController] TAD global status data is ready!
(13:17:38.200) INFO: [TadState] TAD state changed from READY to DEBUG_RESUMED (Resumed, STEP)
(13:17:38.366) INFO: [TadState] TAD state changed from DEBUG_RESUMED to READY (Suspended, STEP)
(13:17:38.882) ReadingException: com.freescale.mqx.gdb.tad.model.globalstatus.TadGlobalStatusFactory.isMqxDataValid() at 60.line "readLongVariableSafely(_mqx_kernel_data)"
(13:17:38.882) ERROR: [TadGlobalStatusFactory] Kernel Data NOT valid (pointer: 0x0000)
(13:17:38.882) ERROR: [TadGlobalStatusFactory] MQX data not valid!
(13:17:38.882) INFO: [TadModel$3] Loading of TAD Global Status took 513 ms
(13:17:38.882) INFO: [TadGlobalStatusController] TAD global status data is ready!
(13:17:42.460) INFO: [TadState] TAD state changed from READY to DEBUG_RESUMED (Resumed, STEP)
(13:17:42.906) INFO: [TadState] TAD state changed from DEBUG_RESUMED to READY (Suspended, STEP)
(13:17:43.411) ReadingException: com.freescale.mqx.gdb.tad.model.globalstatus.TadGlobalStatusFactory.isMqxDataValid() at 60.line "readLongVariableSafely(_mqx_kernel_data)"
(13:17:43.411) ERROR: [TadGlobalStatusFactory] Kernel Data NOT valid (pointer: 0x0000)
(13:17:43.411) ERROR: [TadGlobalStatusFactory] MQX data not valid!
(13:17:43.411) INFO: [TadModel$3] Loading of TAD Global Status took 503 ms
(13:17:43.411) INFO: [TadGlobalStatusController] TAD global status data is ready!
(13:17:49.574) INFO: [TadState] TAD state changed from READY to DEBUG_RESUMED (Resumed, STEP)
(13:17:49.734) INFO: [TadState] TAD state changed from DEBUG_RESUMED to READY (Suspended, STEP)
(13:17:50.240) ReadingException: com.freescale.mqx.gdb.tad.model.globalstatus.TadGlobalStatusFactory.isMqxDataValid() at 60.line "readLongVariableSafely(_mqx_kernel_data)"
(13:17:50.240) ERROR: [TadGlobalStatusFactory] Kernel Data NOT valid (pointer: 0x0000)
(13:17:50.240) ERROR: [TadGlobalStatusFactory] MQX data not valid!
(13:17:50.240) INFO: [TadModel$3] Loading of TAD Global Status took 503 ms
(13:17:50.240) INFO: [TadGlobalStatusController] TAD global status data is ready!
(13:17:50.676) INFO: [TadState] TAD state changed from READY to DEBUG_RESUMED (Resumed, STEP)
(13:17:50.865) INFO: [TadState] TAD state changed from DEBUG_RESUMED to READY (Suspended, STEP)
(13:17:51.372) ReadingException: com.freescale.mqx.gdb.tad.model.globalstatus.TadGlobalStatusFactory.isMqxDataValid() at 60.line "readLongVariableSafely(_mqx_kernel_data)"
(13:17:51.372) ERROR: [TadGlobalStatusFactory] Kernel Data NOT valid (pointer: 0x0000)
(13:17:51.372) ERROR: [TadGlobalStatusFactory] MQX data not valid!
(13:17:51.372) INFO: [TadModel$3] Loading of TAD Global Status took 504 ms
(13:17:51.372) INFO: [TadGlobalStatusController] TAD global status data is ready!
(13:17:51.497) INFO: [TadState] TAD state changed from READY to DEBUG_RESUMED (Resumed, STEP)
(13:17:51.658) INFO: [TadState] TAD state changed from DEBUG_RESUMED to READY (Suspended, STEP)
(13:17:52.165) ReadingException: com.freescale.mqx.gdb.tad.model.globalstatus.TadGlobalStatusFactory.isMqxDataValid() at 60.line "readLongVariableSafely(_mqx_kernel_data)"
(13:17:52.165) ERROR: [TadGlobalStatusFactory] Kernel Data NOT valid (pointer: 0x0000)
(13:17:52.165) ERROR: [TadGlobalStatusFactory] MQX data not valid!
(13:17:52.166) INFO: [TadModel$3] Loading of TAD Global Status took 505 ms
(13:17:52.166) INFO: [TadGlobalStatusController] TAD global status data is ready!
(13:18:53.823) INFO: [TadState] TAD state changed from READY to DEBUG_RESUMED (Resumed, USER_REQUEST)
(13:20:26.419) INFO: [TadState] TAD state changed from DEBUG_RESUMED to READY (Suspended, SIGNAL)
(13:20:26.925) ReadingException: com.freescale.mqx.gdb.tad.model.globalstatus.TadGlobalStatusFactory.isMqxDataValid() at 60.line "readLongVariableSafely(_mqx_kernel_data)"
(13:20:26.925) ERROR: [TadGlobalStatusFactory] Kernel Data NOT valid (pointer: 0x0000)
(13:20:26.925) ERROR: [TadGlobalStatusFactory] MQX data not valid!
(13:20:26.925) INFO: [TadModel$3] Loading of TAD Global Status took 502 ms
(13:20:26.925) INFO: [TadGlobalStatusController] TAD global status data is ready!
(13:20:28.606) INFO: [TadModel] DSF session ID 2 has ended
(13:21:58.116) INFO: [TadModel] DSF session ID 3 has started
(13:22:00.766) INFO: [TadState] TAD state changed from DEBUG_STARTED to DEBUG_INIT_0 (Suspended, USER_REQUEST)
(13:22:04.289) INFO: [TadState] TAD state changed from DEBUG_INIT_0 to DEBUG_INIT_1 (Resumed, USER_REQUEST)
(13:22:04.289) INFO: [TadState] TAD state changed from DEBUG_INIT_1 to DEBUG_SUSPENDED (Suspended, BREAKPOINT)
(13:22:05.421) INFO: [TadModel] DSF session ID 3 has ended
(13:22:47.485) INFO: [TadModel] DSF session ID 4 has started
(13:22:50.005) INFO: [TadState] TAD state changed from DEBUG_STARTED to DEBUG_INIT_0 (Suspended, USER_REQUEST)
(13:22:53.363) INFO: [TadState] TAD state changed from DEBUG_INIT_0 to DEBUG_INIT_1 (Resumed, USER_REQUEST)
(13:22:53.363) INFO: [TadState] TAD state changed from DEBUG_INIT_1 to DEBUG_SUSPENDED (Suspended, BREAKPOINT)
(13:22:54.475) INFO: [TadModel] DSF session ID 4 has ended
(13:23:48.705) INFO: [TadModel] DSF session ID 5 has started
(13:23:53.411) INFO: [TadState] TAD state changed from DEBUG_STARTED to DEBUG_INIT_0 (Suspended, USER_REQUEST)
(13:23:54.741) INFO: [TadState] TAD state changed from DEBUG_INIT_0 to DEBUG_INIT_1 (Resumed, USER_REQUEST)
(13:23:54.743) INFO: [TadState] TAD state changed from DEBUG_INIT_1 to DEBUG_SUSPENDED (Suspended, BREAKPOINT)
(13:23:56.400) INFO: [TadModel] DSF session ID 5 has ended
(13:25:19.011) INFO: [TadModel] DSF session ID 6 has started
(13:25:21.893) INFO: [TadState] TAD state changed from DEBUG_STARTED to DEBUG_INIT_0 (Suspended, USER_REQUEST)
(13:25:22.234) INFO: [TadState] TAD state changed from DEBUG_INIT_0 to DEBUG_INIT_1 (Resumed, USER_REQUEST)
(13:25:22.264) INFO: [TadState] TAD state changed from DEBUG_INIT_1 to DEBUG_SUSPENDED (Suspended, BREAKPOINT)
(13:25:29.888) INFO: [TadState] TAD state changed from DEBUG_SUSPENDED to DEBUG_RESUMED (Resumed, STEP)
(13:25:29.952) INFO: [TadState] TAD state changed from DEBUG_RESUMED to READY (Suspended, STEP)
(13:25:30.302) INFO: [TadState] TAD state changed from READY to DEBUG_RESUMED (Resumed, STEP)
(13:25:30.456) INFO: [TadState] TAD state changed from DEBUG_RESUMED to READY (Suspended, STEP)
(13:25:30.456) ReadingException: com.freescale.mqx.gdb.tad.model.globalstatus.TadGlobalStatusFactory.isMqxDataValid() at 60.line "readLongVariableSafely(_mqx_kernel_data)"
(13:25:30.456) ERROR: [TadGlobalStatusFactory] Kernel Data NOT valid (pointer: 0x0000)
(13:25:30.456) ERROR: [TadGlobalStatusFactory] MQX data not valid!
(13:25:30.456) INFO: [TadModel$3] Loading of TAD Global Status took 502 ms
(13:25:30.779) INFO: [TadState] TAD state changed from READY to DEBUG_RESUMED (Resumed, STEP)
(13:25:30.962) ReadingException: com.freescale.mqx.gdb.tad.model.globalstatus.TadGlobalStatusFactory.isMqxDataValid() at 60.line "readLongVariableSafely(_mqx_kernel_data)"
(13:25:30.963) ERROR: [TadGlobalStatusFactory] Kernel Data NOT valid (pointer: 0x0000)
(13:25:30.963) ERROR: [TadGlobalStatusFactory] MQX data not valid!
(13:25:30.963) INFO: [TadModel$3] Loading of TAD Global Status took 504 ms
(13:25:30.968) INFO: [TadState] TAD state changed from DEBUG_RESUMED to READY (Suspended, STEP)
(13:25:31.210) INFO: [TadState] TAD state changed from READY to DEBUG_RESUMED (Resumed, STEP)
(13:25:31.334) INFO: [TadState] TAD state changed from DEBUG_RESUMED to READY (Suspended, STEP)
(13:25:31.485) ReadingException: com.freescale.mqx.gdb.tad.model.globalstatus.TadGlobalStatusFactory.isMqxDataValid() at 60.line "readLongVariableSafely(_mqx_kernel_data)"
(13:25:31.486) ERROR: [TadGlobalStatusFactory] Kernel Data NOT valid (pointer: 0x0000)
(13:25:31.486) ERROR: [TadGlobalStatusFactory] MQX data not valid!
(13:25:31.486) INFO: [TadModel$3] Loading of TAD Global Status took 516 ms
(13:25:31.996) ReadingException: com.freescale.mqx.gdb.tad.model.globalstatus.TadGlobalStatusFactory.isMqxDataValid() at 60.line "readLongVariableSafely(_mqx_kernel_data)"
(13:25:31.996) ERROR: [TadGlobalStatusFactory] Kernel Data NOT valid (pointer: 0x0000)
(13:25:31.996) ERROR: [TadGlobalStatusFactory] MQX data not valid!
(13:25:31.996) INFO: [TadModel$3] Loading of TAD Global Status took 660 ms
(13:25:31.996) INFO: [TadGlobalStatusController] TAD global status data is ready!
(13:25:33.313) INFO: [TadState] TAD state changed from READY to DEBUG_RESUMED (Resumed, STEP)
(13:25:33.433) INFO: [TadState] TAD state changed from DEBUG_RESUMED to READY (Suspended, STEP)
(13:25:33.802) INFO: [TadState] TAD state changed from READY to DEBUG_RESUMED (Resumed, STEP)
(13:25:33.940) ReadingException: com.freescale.mqx.gdb.tad.model.globalstatus.TadGlobalStatusFactory.isMqxDataValid() at 60.line "readLongVariableSafely(_mqx_kernel_data)"
(13:25:33.940) ERROR: [TadGlobalStatusFactory] Kernel Data NOT valid (pointer: 0x0000)
(13:25:33.940) ERROR: [TadGlobalStatusFactory] MQX data not valid!
(13:25:33.940) INFO: [TadModel$3] Loading of TAD Global Status took 504 ms
(13:25:33.957) INFO: [TadState] TAD state changed from DEBUG_RESUMED to READY (Suspended, STEP)
(13:25:34.277) INFO: [TadState] TAD state changed from READY to DEBUG_RESUMED (Resumed, STEP)
(13:25:34.464) ReadingException: com.freescale.mqx.gdb.tad.model.globalstatus.TadGlobalStatusFactory.isMqxDataValid() at 60.line "readLongVariableSafely(_mqx_kernel_data)"
(13:25:34.464) ERROR: [TadGlobalStatusFactory] Kernel Data NOT valid (pointer: 0x0000)
(13:25:34.464) ERROR: [TadGlobalStatusFactory] MQX data not valid!
(13:25:34.464) INFO: [TadModel$3] Loading of TAD Global Status took 504 ms
(13:25:34.467) INFO: [TadState] TAD state changed from DEBUG_RESUMED to READY (Suspended, STEP)
(13:25:34.970) ReadingException: com.freescale.mqx.gdb.tad.model.globalstatus.TadGlobalStatusFactory.isMqxDataValid() at 60.line "readLongVariableSafely(_mqx_kernel_data)"
(13:25:34.970) ERROR: [TadGlobalStatusFactory] Kernel Data NOT valid (pointer: 0x0000)
(13:25:34.970) ERROR: [TadGlobalStatusFactory] MQX data not valid!
(13:25:34.971) INFO: [TadModel$3] Loading of TAD Global Status took 502 ms
(13:25:34.971) INFO: [TadGlobalStatusController] TAD global status data is ready!
(13:25:35.415) INFO: [TadState] TAD state changed from READY to DEBUG_RESUMED (Resumed, STEP)
(13:25:35.478) INFO: [TadState] TAD state changed from DEBUG_RESUMED to READY (Suspended, STEP)
(13:25:35.830) INFO: [TadState] TAD state changed from READY to DEBUG_RESUMED (Resumed, STEP)
(13:25:35.983) ReadingException: com.freescale.mqx.gdb.tad.model.globalstatus.TadGlobalStatusFactory.isMqxDataValid() at 60.line "readLongVariableSafely(_mqx_kernel_data)"
(13:25:35.983) ERROR: [TadGlobalStatusFactory] Kernel Data NOT valid (pointer: 0x0000)
(13:25:35.983) ERROR: [TadGlobalStatusFactory] MQX data not valid!
(13:25:35.983) INFO: [TadModel$3] Loading of TAD Global Status took 501 ms
(13:25:43.109) INFO: [TadState] TAD state changed from DEBUG_RESUMED to READY (Suspended, SIGNAL)
(13:25:43.622) ReadingException: com.freescale.mqx.gdb.tad.model.globalstatus.TadGlobalStatusFactory.isMqxDataValid() at 60.line "readLongVariableSafely(_mqx_kernel_data)"
(13:25:43.622) ERROR: [TadGlobalStatusFactory] Kernel Data NOT valid (pointer: 0x0000)
(13:25:43.622) ERROR: [TadGlobalStatusFactory] MQX data not valid!
(13:25:43.622) INFO: [TadModel$3] Loading of TAD Global Status took 509 ms
(13:25:43.622) INFO: [TadGlobalStatusController] TAD global status data is ready!
(13:25:45.262) INFO: [TadModel] DSF session ID 6 has ended
(13:25:48.203) INFO: [TadModel] DSF session ID 7 has started
(13:25:50.909) INFO: [TadState] TAD state changed from DEBUG_STARTED to DEBUG_INIT_0 (Suspended, USER_REQUEST)
(13:25:51.223) INFO: [TadState] TAD state changed from DEBUG_INIT_0 to DEBUG_INIT_1 (Resumed, USER_REQUEST)
(13:25:51.253) INFO: [TadState] TAD state changed from DEBUG_INIT_1 to DEBUG_SUSPENDED (Suspended, BREAKPOINT)
(13:25:57.191) INFO: [TadModel] DSF session ID 7 has ended
(13:28:17.065) INFO: [TadModel] DSF session ID 8 has started
(13:28:23.298) INFO: [TadState] TAD state changed from DEBUG_STARTED to DEBUG_INIT_0 (Suspended, USER_REQUEST)
(13:28:23.630) INFO: [TadState] TAD state changed from DEBUG_INIT_0 to DEBUG_INIT_1 (Resumed, USER_REQUEST)
(13:28:23.659) INFO: [TadState] TAD state changed from DEBUG_INIT_1 to DEBUG_SUSPENDED (Suspended, BREAKPOINT)
(13:28:26.378) INFO: [TadState] TAD state changed from DEBUG_SUSPENDED to DEBUG_RESUMED (Resumed, STEP)
(13:28:26.462) INFO: [TadState] TAD state changed from DEBUG_RESUMED to READY (Suspended, STEP)
(13:28:26.979) ReadingException: com.freescale.mqx.gdb.tad.model.globalstatus.TadGlobalStatusFactory.isMqxDataValid() at 60.line "readLongVariableSafely(_mqx_kernel_data)"
(13:28:26.979) ERROR: [TadGlobalStatusFactory] Kernel Data NOT valid (pointer: 0x0000)
(13:28:26.979) ERROR: [TadGlobalStatusFactory] MQX data not valid!
(13:28:26.979) INFO: [TadModel$3] Loading of TAD Global Status took 513 ms
(13:28:26.979) INFO: [TadGlobalStatusController] TAD global status data is ready!
(13:28:27.134) INFO: [TadState] TAD state changed from READY to DEBUG_RESUMED (Resumed, STEP)
(13:28:27.200) INFO: [TadState] TAD state changed from DEBUG_RESUMED to READY (Suspended, STEP)
(13:28:27.658) INFO: [TadState] TAD state changed from READY to DEBUG_RESUMED (Resumed, STEP)
(13:28:27.704) ReadingException: com.freescale.mqx.gdb.tad.model.globalstatus.TadGlobalStatusFactory.isMqxDataValid() at 60.line "readLongVariableSafely(_mqx_kernel_data)"
(13:28:27.704) ERROR: [TadGlobalStatusFactory] Kernel Data NOT valid (pointer: 0x0000)
(13:28:27.704) ERROR: [TadGlobalStatusFactory] MQX data not valid!
(13:28:27.704) INFO: [TadModel$3] Loading of TAD Global Status took 501 ms
(13:28:27.809) INFO: [TadState] TAD state changed from DEBUG_RESUMED to READY (Suspended, STEP)
(13:28:28.179) INFO: [TadState] TAD state changed from READY to DEBUG_RESUMED (Resumed, STEP)
(13:28:28.318) ReadingException: com.freescale.mqx.gdb.tad.model.globalstatus.TadGlobalStatusFactory.isMqxDataValid() at 60.line "readLongVariableSafely(_mqx_kernel_data)"
(13:28:28.318) ERROR: [TadGlobalStatusFactory] Kernel Data NOT valid (pointer: 0x0000)
(13:28:28.318) ERROR: [TadGlobalStatusFactory] MQX data not valid!
(13:28:28.318) INFO: [TadModel$3] Loading of TAD Global Status took 507 ms
(13:28:28.362) INFO: [TadState] TAD state changed from DEBUG_RESUMED to READY (Suspended, STEP)
(13:28:28.762) INFO: [TadState] TAD state changed from READY to DEBUG_RESUMED (Resumed, STEP)
(13:28:28.869) ReadingException: com.freescale.mqx.gdb.tad.model.globalstatus.TadGlobalStatusFactory.isMqxDataValid() at 60.line "readLongVariableSafely(_mqx_kernel_data)"
(13:28:28.869) ERROR: [TadGlobalStatusFactory] Kernel Data NOT valid (pointer: 0x0000)
(13:28:28.869) ERROR: [TadGlobalStatusFactory] MQX data not valid!
(13:28:28.869) INFO: [TadModel$3] Loading of TAD Global Status took 504 ms
(13:28:28.883) INFO: [TadState] TAD state changed from DEBUG_RESUMED to READY (Suspended, STEP)
(13:28:29.391) ReadingException: com.freescale.mqx.gdb.tad.model.globalstatus.TadGlobalStatusFactory.isMqxDataValid() at 60.line "readLongVariableSafely(_mqx_kernel_data)"
(13:28:29.391) ERROR: [TadGlobalStatusFactory] Kernel Data NOT valid (pointer: 0x0000)
(13:28:29.391) ERROR: [TadGlobalStatusFactory] MQX data not valid!
(13:28:29.391) INFO: [TadModel$3] Loading of TAD Global Status took 505 ms
(13:28:29.391) INFO: [TadGlobalStatusController] TAD global status data is ready!
(13:28:29.407) INFO: [TadState] TAD state changed from READY to DEBUG_RESUMED (Resumed, STEP)
(13:28:29.528) INFO: [TadState] TAD state changed from DEBUG_RESUMED to READY (Suspended, STEP)
(13:28:29.988) INFO: [TadState] TAD state changed from READY to DEBUG_RESUMED (Resumed, STEP)
(13:28:30.034) ReadingException: com.freescale.mqx.gdb.tad.model.globalstatus.TadGlobalStatusFactory.isMqxDataValid() at 60.line "readLongVariableSafely(_mqx_kernel_data)"
(13:28:30.034) ERROR: [TadGlobalStatusFactory] Kernel Data NOT valid (pointer: 0x0000)
(13:28:30.034) ERROR: [TadGlobalStatusFactory] MQX data not valid!
(13:28:30.034) INFO: [TadModel$3] Loading of TAD Global Status took 503 ms
(13:28:30.139) INFO: [TadState] TAD state changed from DEBUG_RESUMED to READY (Suspended, STEP)
(13:28:30.603) INFO: [TadState] TAD state changed from READY to DEBUG_RESUMED (Resumed, STEP)
(13:28:30.649) ReadingException: com.freescale.mqx.gdb.tad.model.globalstatus.TadGlobalStatusFactory.isMqxDataValid() at 60.line "readLongVariableSafely(_mqx_kernel_data)"
(13:28:30.649) ERROR: [TadGlobalStatusFactory] Kernel Data NOT valid (pointer: 0x0000)
(13:28:30.649) ERROR: [TadGlobalStatusFactory] MQX data not valid!
(13:28:30.649) INFO: [TadModel$3] Loading of TAD Global Status took 507 ms
(13:28:30.786) INFO: [TadState] TAD state changed from DEBUG_RESUMED to READY (Suspended, STEP)
(13:28:31.296) ReadingException: com.freescale.mqx.gdb.tad.model.globalstatus.TadGlobalStatusFactory.isMqxDataValid() at 60.line "readLongVariableSafely(_mqx_kernel_data)"
(13:28:31.296) ERROR: [TadGlobalStatusFactory] Kernel Data NOT valid (pointer: 0x0000)
(13:28:31.296) ERROR: [TadGlobalStatusFactory] MQX data not valid!
(13:28:31.296) INFO: [TadModel$3] Loading of TAD Global Status took 508 ms
(13:28:31.296) INFO: [TadGlobalStatusController] TAD global status data is ready!
(13:28:33.155) INFO: [TadState] TAD state changed from READY to DEBUG_RESUMED (Resumed, STEP)
(13:28:33.308) INFO: [TadState] TAD state changed from DEBUG_RESUMED to READY (Suspended, STEP)
(13:28:33.815) ReadingException: com.freescale.mqx.gdb.tad.model.globalstatus.TadGlobalStatusFactory.isMqxDataValid() at 60.line "readLongVariableSafely(_mqx_kernel_data)"
(13:28:33.815) ERROR: [TadGlobalStatusFactory] Kernel Data NOT valid (pointer: 0x0000)
(13:28:33.815) ERROR: [TadGlobalStatusFactory] MQX data not valid!
(13:28:33.815) INFO: [TadModel$3] Loading of TAD Global Status took 503 ms
(13:28:33.815) INFO: [TadGlobalStatusController] TAD global status data is ready!
(13:29:26.627) INFO: [TadState] TAD state changed from READY to DEBUG_RESUMED (Resumed, STEP)
(13:29:26.688) INFO: [TadState] TAD state changed from DEBUG_RESUMED to READY (Suspended, STEP)
(13:29:27.197) ReadingException: com.freescale.mqx.gdb.tad.model.globalstatus.TadGlobalStatusFactory.isMqxDataValid() at 60.line "readLongVariableSafely(_mqx_kernel_data)"
(13:29:27.197) ERROR: [TadGlobalStatusFactory] Kernel Data NOT valid (pointer: 0x0000)
(13:29:27.197) ERROR: [TadGlobalStatusFactory] MQX data not valid!
(13:29:27.197) INFO: [TadModel$3] Loading of TAD Global Status took 506 ms
(13:29:27.197) INFO: [TadGlobalStatusController] TAD global status data is ready!
(13:32:36.190) INFO: [TadModel] DSF session ID 8 has ended
(13:32:38.141) INFO: [TadModel] DSF session ID 9 has started
(13:32:41.188) INFO: [TadState] TAD state changed from DEBUG_STARTED to DEBUG_INIT_0 (Suspended, USER_REQUEST)
(13:32:41.515) INFO: [TadState] TAD state changed from DEBUG_INIT_0 to DEBUG_INIT_1 (Resumed, USER_REQUEST)
(13:32:41.545) INFO: [TadState] TAD state changed from DEBUG_INIT_1 to DEBUG_SUSPENDED (Suspended, BREAKPOINT)
(13:32:42.516) INFO: [TadState] TAD state changed from DEBUG_SUSPENDED to DEBUG_RESUMED (Resumed, STEP)
(13:32:42.596) INFO: [TadState] TAD state changed from DEBUG_RESUMED to READY (Suspended, STEP)
(13:32:42.868) INFO: [TadState] TAD state changed from READY to DEBUG_RESUMED (Resumed, STEP)
(13:32:42.936) INFO: [TadState] TAD state changed from DEBUG_RESUMED to READY (Suspended, STEP)
(13:32:43.113) ReadingException: com.freescale.mqx.gdb.tad.model.globalstatus.TadGlobalStatusFactory.isMqxDataValid() at 60.line "readLongVariableSafely(_mqx_kernel_data)"
(13:32:43.113) ERROR: [TadGlobalStatusFactory] Kernel Data NOT valid (pointer: 0x0000)
(13:32:43.113) ERROR: [TadGlobalStatusFactory] MQX data not valid!
(13:32:43.113) INFO: [TadModel$3] Loading of TAD Global Status took 515 ms
(13:32:43.114) INFO: [TadState] TAD state changed from READY to DEBUG_RESUMED (Resumed, STEP)
(13:32:43.267) INFO: [TadState] TAD state changed from DEBUG_RESUMED to READY (Suspended, STEP)
(13:32:43.348) INFO: [TadState] TAD state changed from READY to DEBUG_RESUMED (Resumed, STEP)
(13:32:43.531) INFO: [TadState] TAD state changed from DEBUG_RESUMED to READY (Suspended, STEP)
(13:32:43.620) ReadingException: com.freescale.mqx.gdb.tad.model.globalstatus.TadGlobalStatusFactory.isMqxDataValid() at 60.line "readLongVariableSafely(_mqx_kernel_data)"
(13:32:43.620) ERROR: [TadGlobalStatusFactory] Kernel Data NOT valid (pointer: 0x0000)
(13:32:43.620) ERROR: [TadGlobalStatusFactory] MQX data not valid!
(13:32:43.620) INFO: [TadModel$3] Loading of TAD Global Status took 682 ms
(13:32:43.635) INFO: [TadState] TAD state changed from READY to DEBUG_RESUMED (Resumed, STEP)
(13:32:43.759) INFO: [TadState] TAD state changed from DEBUG_RESUMED to READY (Suspended, STEP)
(13:32:44.130) ReadingException: com.freescale.mqx.gdb.tad.model.globalstatus.TadGlobalStatusFactory.isMqxDataValid() at 60.line "readLongVariableSafely(_mqx_kernel_data)"
(13:32:44.130) ERROR: [TadGlobalStatusFactory] Kernel Data NOT valid (pointer: 0x0000)
(13:32:44.130) ERROR: [TadGlobalStatusFactory] MQX data not valid!
(13:32:44.130) INFO: [TadModel$3] Loading of TAD Global Status took 596 ms
(13:32:44.563) INFO: [TadState] TAD state changed from READY to DEBUG_RESUMED (Resumed, STEP)
(13:32:44.639) ReadingException: com.freescale.mqx.gdb.tad.model.globalstatus.TadGlobalStatusFactory.isMqxDataValid() at 60.line "readLongVariableSafely(_mqx_kernel_data)"
(13:32:44.639) ERROR: [TadGlobalStatusFactory] Kernel Data NOT valid (pointer: 0x0000)
(13:32:44.639) ERROR: [TadGlobalStatusFactory] MQX data not valid!
(13:32:44.639) INFO: [TadModel$3] Loading of TAD Global Status took 1369 ms
(13:32:44.689) INFO: [TadState] TAD state changed from DEBUG_RESUMED to READY (Suspended, STEP)
(13:32:45.152) ReadingException: com.freescale.mqx.gdb.tad.model.globalstatus.TadGlobalStatusFactory.isMqxDataValid() at 60.line "readLongVariableSafely(_mqx_kernel_data)"
(13:32:45.152) ERROR: [TadGlobalStatusFactory] Kernel Data NOT valid (pointer: 0x0000)
(13:32:45.152) ERROR: [TadGlobalStatusFactory] MQX data not valid!
(13:32:45.152) INFO: [TadModel$3] Loading of TAD Global Status took 1389 ms
(13:32:45.660) ReadingException: com.freescale.mqx.gdb.tad.model.globalstatus.TadGlobalStatusFactory.isMqxDataValid() at 60.line "readLongVariableSafely(_mqx_kernel_data)"
(13:32:45.660) ERROR: [TadGlobalStatusFactory] Kernel Data NOT valid (pointer: 0x0000)
(13:32:45.660) ERROR: [TadGlobalStatusFactory] MQX data not valid!
(13:32:45.660) INFO: [TadModel$3] Loading of TAD Global Status took 968 ms
(13:32:45.660) INFO: [TadGlobalStatusController] TAD global status data is ready!
(13:32:46.840) INFO: [TadState] TAD state changed from READY to DEBUG_RESUMED (Resumed, STEP)
(13:32:46.998) INFO: [TadState] TAD state changed from DEBUG_RESUMED to READY (Suspended, STEP)
(13:32:47.516) ReadingException: com.freescale.mqx.gdb.tad.model.globalstatus.TadGlobalStatusFactory.isMqxDataValid() at 60.line "readLongVariableSafely(_mqx_kernel_data)"
(13:32:47.516) ERROR: [TadGlobalStatusFactory] Kernel Data NOT valid (pointer: 0x0000)
(13:32:47.516) ERROR: [TadGlobalStatusFactory] MQX data not valid!
(13:32:47.516) INFO: [TadModel$3] Loading of TAD Global Status took 515 ms
(13:32:47.517) INFO: [TadGlobalStatusController] TAD global status data is ready!
(13:32:47.948) INFO: [TadState] TAD state changed from READY to DEBUG_RESUMED (Resumed, STEP)
(13:32:48.148) INFO: [TadState] TAD state changed from DEBUG_RESUMED to READY (Suspended, STEP)
(13:32:48.661) ReadingException: com.freescale.mqx.gdb.tad.model.globalstatus.TadGlobalStatusFactory.isMqxDataValid() at 60.line "readLongVariableSafely(_mqx_kernel_data)"
(13:32:48.661) ERROR: [TadGlobalStatusFactory] Kernel Data NOT valid (pointer: 0x0000)
(13:32:48.661) ERROR: [TadGlobalStatusFactory] MQX data not valid!
(13:32:48.661) INFO: [TadModel$3] Loading of TAD Global Status took 511 ms
(13:32:48.661) INFO: [TadGlobalStatusController] TAD global status data is ready!
(13:32:49.690) INFO: [TadState] TAD state changed from READY to DEBUG_RESUMED (Resumed, STEP)
(13:32:49.847) INFO: [TadState] TAD state changed from DEBUG_RESUMED to READY (Suspended, STEP)
(13:32:50.354) ReadingException: com.freescale.mqx.gdb.tad.model.globalstatus.TadGlobalStatusFactory.isMqxDataValid() at 60.line "readLongVariableSafely(_mqx_kernel_data)"
(13:32:50.354) ERROR: [TadGlobalStatusFactory] Kernel Data NOT valid (pointer: 0x0000)
(13:32:50.354) ERROR: [TadGlobalStatusFactory] MQX data not valid!
(13:32:50.355) INFO: [TadModel$3] Loading of TAD Global Status took 505 ms
(13:32:50.355) INFO: [TadGlobalStatusController] TAD global status data is ready!
(13:33:15.046) INFO: [TadState] TAD state changed from READY to DEBUG_RESUMED (Resumed, STEP)
(13:33:15.181) INFO: [TadState] TAD state changed from DEBUG_RESUMED to READY (Suspended, STEP)
(13:33:15.693) ReadingException: com.freescale.mqx.gdb.tad.model.globalstatus.TadGlobalStatusFactory.isMqxDataValid() at 60.line "readLongVariableSafely(_mqx_kernel_data)"
(13:33:15.693) ERROR: [TadGlobalStatusFactory] Kernel Data NOT valid (pointer: 0x0000)
(13:33:15.693) ERROR: [TadGlobalStatusFactory] MQX data not valid!
(13:33:15.693) INFO: [TadModel$3] Loading of TAD Global Status took 510 ms
(13:33:15.693) INFO: [TadGlobalStatusController] TAD global status data is ready!
(13:33:19.247) INFO: [TadState] TAD state changed from READY to DEBUG_RESUMED (Resumed, STEP)
(13:33:19.471) INFO: [TadState] TAD state changed from DEBUG_RESUMED to READY (Suspended, STEP)
(13:33:19.988) ReadingException: com.freescale.mqx.gdb.tad.model.globalstatus.TadGlobalStatusFactory.isMqxDataValid() at 60.line "readLongVariableSafely(_mqx_kernel_data)"
(13:33:19.988) ERROR: [TadGlobalStatusFactory] Kernel Data NOT valid (pointer: 0x0000)
(13:33:19.988) ERROR: [TadGlobalStatusFactory] MQX data not valid!
(13:33:19.988) INFO: [TadModel$3] Loading of TAD Global Status took 513 ms
(13:33:19.988) INFO: [TadGlobalStatusController] TAD global status data is ready!
(13:34:11.902) INFO: [TadModel] DSF session ID 9 has ended
(13:48:20.390) INFO: [TadModel] DSF session ID 10 has started
(13:48:23.078) INFO: [TadState] TAD state changed from DEBUG_STARTED to DEBUG_INIT_0 (Suspended, USER_REQUEST)
(13:48:26.685) INFO: [TadState] TAD state changed from DEBUG_INIT_0 to DEBUG_INIT_1 (Resumed, USER_REQUEST)
(13:48:26.686) INFO: [TadState] TAD state changed from DEBUG_INIT_1 to DEBUG_SUSPENDED (Suspended, BREAKPOINT)
(13:48:27.826) INFO: [TadModel] DSF session ID 10 has ended
(13:51:24.765) INFO: [TadModel] DSF session ID 11 has started
(13:51:27.474) INFO: [TadState] TAD state changed from DEBUG_STARTED to DEBUG_INIT_0 (Suspended, USER_REQUEST)
(13:51:31.022) INFO: [TadState] TAD state changed from DEBUG_INIT_0 to DEBUG_INIT_1 (Resumed, USER_REQUEST)
(13:51:31.023) INFO: [TadState] TAD state changed from DEBUG_INIT_1 to DEBUG_SUSPENDED (Suspended, BREAKPOINT)
(13:51:32.167) INFO: [TadModel] DSF session ID 11 has ended
(13:53:10.804) INFO: [TadModel] DSF session ID 12 has started
(13:53:13.520) INFO: [TadState] TAD state changed from DEBUG_STARTED to DEBUG_INIT_0 (Suspended, USER_REQUEST)
(13:53:17.107) INFO: [TadState] TAD state changed from DEBUG_INIT_0 to DEBUG_INIT_1 (Resumed, USER_REQUEST)
(13:53:17.108) INFO: [TadState] TAD state changed from DEBUG_INIT_1 to DEBUG_SUSPENDED (Suspended, BREAKPOINT)
(13:53:18.226) INFO: [TadModel] DSF session ID 12 has ended
(13:54:26.310) INFO: [TadModel] DSF session ID 13 has started
(13:54:29.011) INFO: [TadState] TAD state changed from DEBUG_STARTED to DEBUG_INIT_0 (Suspended, USER_REQUEST)
(13:54:32.587) INFO: [TadState] TAD state changed from DEBUG_INIT_0 to DEBUG_INIT_1 (Resumed, USER_REQUEST)
(13:54:32.587) INFO: [TadState] TAD state changed from DEBUG_INIT_1 to DEBUG_SUSPENDED (Suspended, BREAKPOINT)
(13:54:33.722) INFO: [TadModel] DSF session ID 13 has ended
(13:57:36.099) INFO: [TadModel] DSF session ID 14 has started
(13:57:38.868) INFO: [TadState] TAD state changed from DEBUG_STARTED to DEBUG_INIT_0 (Suspended, USER_REQUEST)
(13:57:42.444) INFO: [TadState] TAD state changed from DEBUG_INIT_0 to DEBUG_INIT_1 (Resumed, USER_REQUEST)
(13:57:42.445) INFO: [TadState] TAD state changed from DEBUG_INIT_1 to DEBUG_SUSPENDED (Suspended, BREAKPOINT)
(13:57:43.584) INFO: [TadModel] DSF session ID 14 has ended
(13:58:22.236) INFO: [TadModel] DSF session ID 15 has started
(13:58:24.825) INFO: [TadState] TAD state changed from DEBUG_STARTED to DEBUG_INIT_0 (Suspended, USER_REQUEST)
(13:58:28.380) INFO: [TadState] TAD state changed from DEBUG_INIT_0 to DEBUG_INIT_1 (Resumed, USER_REQUEST)
(13:58:28.380) INFO: [TadState] TAD state changed from DEBUG_INIT_1 to DEBUG_SUSPENDED (Suspended, BREAKPOINT)
