(08:13:37.881) INFO: [TadState] TAD state init (NONE)
(08:46:26.214) INFO: [TadModel] DSF session ID 0 has started
(08:46:30.801) INFO: [TadState] TAD state changed from DEBUG_STARTED to DEBUG_INIT_0 (Suspended, USER_REQUEST)
(08:46:34.131) INFO: [TadState] TAD state changed from DEBUG_INIT_0 to DEBUG_INIT_1 (Resumed, USER_REQUEST)
(08:46:34.166) INFO: [TadState] TAD state changed from DEBUG_INIT_1 to DEBUG_SUSPENDED (Suspended, BREAKPOINT)
(08:46:44.965) INFO: [TadState] TAD state changed from DEBUG_SUSPENDED to DEBUG_RESUMED (Resumed, USER_REQUEST)
(08:48:27.871) INFO: [TadState] TAD state changed from DEBUG_RESUMED to READY (Suspended, BREAKPOINT)
(08:48:28.385) ReadingException: com.freescale.mqx.gdb.tad.model.globalstatus.TadGlobalStatusFactory.isMqxDataValid() at 60.line "readLongVariableSafely(_mqx_kernel_data)"
(08:48:28.386) ERROR: [TadGlobalStatusFactory] Kernel Data NOT valid (pointer: 0x0000)
(08:48:28.386) ERROR: [TadGlobalStatusFactory] MQX data not valid!
(08:48:28.386) INFO: [TadModel$3] Loading of TAD Global Status took 511 ms
(08:48:28.386) INFO: [TadGlobalStatusController] TAD global status data is ready!
(08:48:42.157) INFO: [TadState] TAD state changed from READY to DEBUG_RESUMED (Resumed, STEP)
(08:48:42.344) INFO: [TadState] TAD state changed from DEBUG_RESUMED to READY (Suspended, STEP)
(08:48:42.809) INFO: [TadState] TAD state changed from READY to DEBUG_RESUMED (Resumed, STEP)
(08:48:42.854) ReadingException: com.freescale.mqx.gdb.tad.model.globalstatus.TadGlobalStatusFactory.isMqxDataValid() at 60.line "readLongVariableSafely(_mqx_kernel_data)"
(08:48:42.854) ERROR: [TadGlobalStatusFactory] Kernel Data NOT valid (pointer: 0x0000)
(08:48:42.854) ERROR: [TadGlobalStatusFactory] MQX data not valid!
(08:48:42.855) INFO: [TadModel$3] Loading of TAD Global Status took 508 ms
(08:48:42.938) INFO: [TadState] TAD state changed from DEBUG_RESUMED to READY (Suspended, STEP)
(08:48:43.354) INFO: [TadState] TAD state changed from READY to DEBUG_RESUMED (Resumed, STEP)
(08:48:43.444) ReadingException: com.freescale.mqx.gdb.tad.model.globalstatus.TadGlobalStatusFactory.isMqxDataValid() at 60.line "readLongVariableSafely(_mqx_kernel_data)"
(08:48:43.444) ERROR: [TadGlobalStatusFactory] Kernel Data NOT valid (pointer: 0x0000)
(08:48:43.444) ERROR: [TadGlobalStatusFactory] MQX data not valid!
(08:48:43.444) INFO: [TadModel$3] Loading of TAD Global Status took 503 ms
(08:48:43.516) INFO: [TadState] TAD state changed from DEBUG_RESUMED to READY (Suspended, STEP)
(08:48:44.031) ReadingException: com.freescale.mqx.gdb.tad.model.globalstatus.TadGlobalStatusFactory.isMqxDataValid() at 60.line "readLongVariableSafely(_mqx_kernel_data)"
(08:48:44.031) ERROR: [TadGlobalStatusFactory] Kernel Data NOT valid (pointer: 0x0000)
(08:48:44.031) ERROR: [TadGlobalStatusFactory] MQX data not valid!
(08:48:44.031) INFO: [TadModel$3] Loading of TAD Global Status took 512 ms
(08:48:44.032) INFO: [TadGlobalStatusController] TAD global status data is ready!
(08:48:44.094) INFO: [TadState] TAD state changed from READY to DEBUG_RESUMED (Resumed, STEP)
(08:48:45.977) INFO: [TadState] TAD state changed from DEBUG_RESUMED to READY (Suspended, SIGNAL)
(08:48:46.488) ReadingException: com.freescale.mqx.gdb.tad.model.globalstatus.TadGlobalStatusFactory.isMqxDataValid() at 60.line "readLongVariableSafely(_mqx_kernel_data)"
(08:48:46.488) ERROR: [TadGlobalStatusFactory] Kernel Data NOT valid (pointer: 0x0000)
(08:48:46.488) ERROR: [TadGlobalStatusFactory] MQX data not valid!
(08:48:46.489) INFO: [TadModel$3] Loading of TAD Global Status took 508 ms
(08:48:46.489) INFO: [TadGlobalStatusController] TAD global status data is ready!
(08:48:48.156) INFO: [TadModel] DSF session ID 0 has ended
(08:48:56.377) INFO: [TadModel] DSF session ID 1 has started
(08:48:59.152) INFO: [TadState] TAD state changed from DEBUG_STARTED to DEBUG_INIT_0 (Suspended, USER_REQUEST)
(08:49:01.056) INFO: [TadState] TAD state changed from DEBUG_INIT_0 to DEBUG_INIT_1 (Resumed, USER_REQUEST)
(08:49:01.091) INFO: [TadState] TAD state changed from DEBUG_INIT_1 to DEBUG_SUSPENDED (Suspended, BREAKPOINT)
(08:49:04.001) INFO: [TadState] TAD state changed from DEBUG_SUSPENDED to DEBUG_RESUMED (Resumed, USER_REQUEST)
(08:49:27.300) INFO: [TadState] TAD state changed from DEBUG_RESUMED to READY (Suspended, BREAKPOINT)
(08:49:27.812) ReadingException: com.freescale.mqx.gdb.tad.model.globalstatus.TadGlobalStatusFactory.isMqxDataValid() at 60.line "readLongVariableSafely(_mqx_kernel_data)"
(08:49:27.812) ERROR: [TadGlobalStatusFactory] Kernel Data NOT valid (pointer: 0x0000)
(08:49:27.813) ERROR: [TadGlobalStatusFactory] MQX data not valid!
(08:49:27.813) INFO: [TadModel$3] Loading of TAD Global Status took 510 ms
(08:49:27.813) INFO: [TadGlobalStatusController] TAD global status data is ready!
(08:49:44.067) INFO: [TadState] TAD state changed from READY to DEBUG_RESUMED (Resumed, STEP)
(08:49:44.257) INFO: [TadState] TAD state changed from DEBUG_RESUMED to READY (Suspended, STEP)
(08:49:44.761) ReadingException: com.freescale.mqx.gdb.tad.model.globalstatus.TadGlobalStatusFactory.isMqxDataValid() at 60.line "readLongVariableSafely(_mqx_kernel_data)"
(08:49:44.763) ERROR: [TadGlobalStatusFactory] Kernel Data NOT valid (pointer: 0x0000)
(08:49:44.763) INFO: [TadState] TAD state changed from READY to DEBUG_RESUMED (Resumed, STEP)
(08:49:44.763) ERROR: [TadGlobalStatusFactory] MQX data not valid!
(08:49:44.763) INFO: [TadModel$3] Loading of TAD Global Status took 503 ms
(08:49:44.888) INFO: [TadState] TAD state changed from DEBUG_RESUMED to READY (Suspended, STEP)
(08:49:45.404) ReadingException: com.freescale.mqx.gdb.tad.model.globalstatus.TadGlobalStatusFactory.isMqxDataValid() at 60.line "readLongVariableSafely(_mqx_kernel_data)"
(08:49:45.404) ERROR: [TadGlobalStatusFactory] Kernel Data NOT valid (pointer: 0x0000)
(08:49:45.404) ERROR: [TadGlobalStatusFactory] MQX data not valid!
(08:49:45.404) INFO: [TadModel$3] Loading of TAD Global Status took 514 ms
(08:49:45.405) INFO: [TadGlobalStatusController] TAD global status data is ready!
(08:49:50.250) INFO: [TadModel] DSF session ID 1 has ended
(08:52:09.197) INFO: [TadModel] DSF session ID 2 has started
(08:52:11.950) INFO: [TadState] TAD state changed from DEBUG_STARTED to DEBUG_INIT_0 (Suspended, USER_REQUEST)
(08:52:13.849) INFO: [TadState] TAD state changed from DEBUG_INIT_0 to DEBUG_INIT_1 (Resumed, USER_REQUEST)
(08:52:13.884) INFO: [TadState] TAD state changed from DEBUG_INIT_1 to DEBUG_SUSPENDED (Suspended, BREAKPOINT)
(08:52:17.100) INFO: [TadState] TAD state changed from DEBUG_SUSPENDED to DEBUG_RESUMED (Resumed, USER_REQUEST)
(08:52:20.644) INFO: [TadState] TAD state changed from DEBUG_RESUMED to READY (Suspended, BREAKPOINT)
(08:52:21.155) ReadingException: com.freescale.mqx.gdb.tad.model.globalstatus.TadGlobalStatusFactory.isMqxDataValid() at 60.line "readLongVariableSafely(_mqx_kernel_data)"
(08:52:21.155) ERROR: [TadGlobalStatusFactory] Kernel Data NOT valid (pointer: 0x0000)
(08:52:21.155) ERROR: [TadGlobalStatusFactory] MQX data not valid!
(08:52:21.155) INFO: [TadModel$3] Loading of TAD Global Status took 508 ms
(08:52:21.155) INFO: [TadGlobalStatusController] TAD global status data is ready!
(08:52:29.139) INFO: [TadModel] DSF session ID 2 has ended
(08:52:30.207) INFO: [TadModel] DSF session ID 3 has started
(08:52:32.900) INFO: [TadState] TAD state changed from DEBUG_STARTED to DEBUG_INIT_0 (Suspended, USER_REQUEST)
(08:52:34.811) INFO: [TadState] TAD state changed from DEBUG_INIT_0 to DEBUG_INIT_1 (Resumed, USER_REQUEST)
(08:52:34.846) INFO: [TadState] TAD state changed from DEBUG_INIT_1 to DEBUG_SUSPENDED (Suspended, BREAKPOINT)
(08:52:37.553) INFO: [TadState] TAD state changed from DEBUG_SUSPENDED to DEBUG_RESUMED (Resumed, USER_REQUEST)
(08:52:44.472) INFO: [TadState] TAD state changed from DEBUG_RESUMED to READY (Suspended, BREAKPOINT)
(08:52:44.986) ReadingException: com.freescale.mqx.gdb.tad.model.globalstatus.TadGlobalStatusFactory.isMqxDataValid() at 60.line "readLongVariableSafely(_mqx_kernel_data)"
(08:52:44.986) ERROR: [TadGlobalStatusFactory] Kernel Data NOT valid (pointer: 0x0000)
(08:52:44.986) ERROR: [TadGlobalStatusFactory] MQX data not valid!
(08:52:44.987) INFO: [TadModel$3] Loading of TAD Global Status took 511 ms
(08:52:44.987) INFO: [TadGlobalStatusController] TAD global status data is ready!
(08:52:47.280) INFO: [TadState] TAD state changed from READY to DEBUG_RESUMED (Resumed, STEP)
(08:52:47.467) INFO: [TadState] TAD state changed from DEBUG_RESUMED to READY (Suspended, STEP)
(08:52:47.985) ReadingException: com.freescale.mqx.gdb.tad.model.globalstatus.TadGlobalStatusFactory.isMqxDataValid() at 60.line "readLongVariableSafely(_mqx_kernel_data)"
(08:52:47.985) ERROR: [TadGlobalStatusFactory] Kernel Data NOT valid (pointer: 0x0000)
(08:52:47.985) ERROR: [TadGlobalStatusFactory] MQX data not valid!
(08:52:47.986) INFO: [TadModel$3] Loading of TAD Global Status took 516 ms
(08:52:47.986) INFO: [TadGlobalStatusController] TAD global status data is ready!
(08:52:51.941) INFO: [TadState] TAD state changed from READY to DEBUG_RESUMED (Resumed, STEP)
(08:52:52.061) INFO: [TadState] TAD state changed from DEBUG_RESUMED to READY (Suspended, STEP)
(08:52:52.570) ReadingException: com.freescale.mqx.gdb.tad.model.globalstatus.TadGlobalStatusFactory.isMqxDataValid() at 60.line "readLongVariableSafely(_mqx_kernel_data)"
(08:52:52.570) ERROR: [TadGlobalStatusFactory] Kernel Data NOT valid (pointer: 0x0000)
(08:52:52.570) ERROR: [TadGlobalStatusFactory] MQX data not valid!
(08:52:52.570) INFO: [TadModel$3] Loading of TAD Global Status took 506 ms
(08:52:52.570) INFO: [TadGlobalStatusController] TAD global status data is ready!
(08:52:58.977) INFO: [TadModel] DSF session ID 3 has ended
(09:04:10.357) INFO: [TadModel] DSF session ID 4 has started
(09:04:12.854) INFO: [TadState] TAD state changed from DEBUG_STARTED to DEBUG_INIT_0 (Suspended, USER_REQUEST)
(09:04:15.714) INFO: [TadState] TAD state changed from DEBUG_INIT_0 to DEBUG_INIT_1 (Resumed, USER_REQUEST)
(09:04:15.749) INFO: [TadState] TAD state changed from DEBUG_INIT_1 to DEBUG_SUSPENDED (Suspended, BREAKPOINT)
(09:04:24.623) INFO: [TadModel] DSF session ID 4 has ended
(09:04:45.524) INFO: [TadModel] DSF session ID 5 has started
(09:04:48.265) INFO: [TadState] TAD state changed from DEBUG_STARTED to DEBUG_INIT_0 (Suspended, USER_REQUEST)
(09:04:50.139) INFO: [TadState] TAD state changed from DEBUG_INIT_0 to DEBUG_INIT_1 (Resumed, USER_REQUEST)
(09:04:50.174) INFO: [TadState] TAD state changed from DEBUG_INIT_1 to DEBUG_SUSPENDED (Suspended, BREAKPOINT)
(09:04:52.377) INFO: [TadState] TAD state changed from DEBUG_SUSPENDED to DEBUG_RESUMED (Resumed, USER_REQUEST)
(09:04:59.155) INFO: [TadModel] DSF session ID 5 has ended
(09:05:04.029) INFO: [TadModel] DSF session ID 6 has started
(09:05:06.742) INFO: [TadState] TAD state changed from DEBUG_STARTED to DEBUG_INIT_0 (Suspended, USER_REQUEST)
(09:05:08.628) INFO: [TadState] TAD state changed from DEBUG_INIT_0 to DEBUG_INIT_1 (Resumed, USER_REQUEST)
(09:05:08.662) INFO: [TadState] TAD state changed from DEBUG_INIT_1 to DEBUG_SUSPENDED (Suspended, BREAKPOINT)
(09:05:11.273) INFO: [TadState] TAD state changed from DEBUG_SUSPENDED to DEBUG_RESUMED (Resumed, USER_REQUEST)
(09:05:18.277) INFO: [TadModel] DSF session ID 6 has ended
(09:05:53.600) INFO: [TadModel] DSF session ID 7 has started
(09:05:56.322) INFO: [TadState] TAD state changed from DEBUG_STARTED to DEBUG_INIT_0 (Suspended, USER_REQUEST)
(09:05:58.190) INFO: [TadState] TAD state changed from DEBUG_INIT_0 to DEBUG_INIT_1 (Resumed, USER_REQUEST)
(09:05:58.225) INFO: [TadState] TAD state changed from DEBUG_INIT_1 to DEBUG_SUSPENDED (Suspended, BREAKPOINT)
(09:06:00.824) INFO: [TadState] TAD state changed from DEBUG_SUSPENDED to DEBUG_RESUMED (Resumed, USER_REQUEST)
(09:06:04.965) INFO: [TadState] TAD state changed from DEBUG_RESUMED to READY (Suspended, SIGNAL)
(09:06:05.473) ReadingException: com.freescale.mqx.gdb.tad.model.globalstatus.TadGlobalStatusFactory.isMqxDataValid() at 60.line "readLongVariableSafely(_mqx_kernel_data)"
(09:06:05.473) ERROR: [TadGlobalStatusFactory] Kernel Data NOT valid (pointer: 0x0000)
(09:06:05.473) ERROR: [TadGlobalStatusFactory] MQX data not valid!
(09:06:05.473) INFO: [TadModel$3] Loading of TAD Global Status took 505 ms
(09:06:05.474) INFO: [TadGlobalStatusController] TAD global status data is ready!
(09:06:07.114) INFO: [TadModel] DSF session ID 7 has ended
(09:06:13.689) INFO: [TadModel] DSF session ID 8 has started
(09:06:16.446) INFO: [TadState] TAD state changed from DEBUG_STARTED to DEBUG_INIT_0 (Suspended, USER_REQUEST)
(09:06:18.357) INFO: [TadState] TAD state changed from DEBUG_INIT_0 to DEBUG_INIT_1 (Resumed, USER_REQUEST)
(09:06:18.391) INFO: [TadState] TAD state changed from DEBUG_INIT_1 to DEBUG_SUSPENDED (Suspended, BREAKPOINT)
(09:06:31.460) INFO: [TadState] TAD state changed from DEBUG_SUSPENDED to DEBUG_RESUMED (Resumed, USER_REQUEST)
(09:06:33.991) INFO: [TadModel] DSF session ID 8 has ended
(09:06:38.613) INFO: [TadModel] DSF session ID 9 has started
(09:06:41.323) INFO: [TadState] TAD state changed from DEBUG_STARTED to DEBUG_INIT_0 (Suspended, USER_REQUEST)
(09:06:43.204) INFO: [TadState] TAD state changed from DEBUG_INIT_0 to DEBUG_INIT_1 (Resumed, USER_REQUEST)
(09:06:43.239) INFO: [TadState] TAD state changed from DEBUG_INIT_1 to DEBUG_SUSPENDED (Suspended, BREAKPOINT)
(09:06:48.787) INFO: [TadState] TAD state changed from DEBUG_SUSPENDED to DEBUG_RESUMED (Resumed, USER_REQUEST)
(09:06:56.704) INFO: [TadModel] DSF session ID 9 has ended
(09:08:28.251) INFO: [TadModel] DSF session ID 10 has started
(09:08:30.789) INFO: [TadState] TAD state changed from DEBUG_STARTED to DEBUG_INIT_0 (Suspended, USER_REQUEST)
(09:08:33.644) INFO: [TadState] TAD state changed from DEBUG_INIT_0 to DEBUG_INIT_1 (Resumed, USER_REQUEST)
(09:08:33.678) INFO: [TadState] TAD state changed from DEBUG_INIT_1 to DEBUG_SUSPENDED (Suspended, BREAKPOINT)
(09:08:35.751) INFO: [TadState] TAD state changed from DEBUG_SUSPENDED to DEBUG_RESUMED (Resumed, USER_REQUEST)
(09:08:51.536) INFO: [TadState] TAD state changed from DEBUG_RESUMED to READY (Suspended, BREAKPOINT)
(09:08:52.052) ReadingException: com.freescale.mqx.gdb.tad.model.globalstatus.TadGlobalStatusFactory.isMqxDataValid() at 60.line "readLongVariableSafely(_mqx_kernel_data)"
(09:08:52.052) ERROR: [TadGlobalStatusFactory] Kernel Data NOT valid (pointer: 0x0000)
(09:08:52.052) ERROR: [TadGlobalStatusFactory] MQX data not valid!
(09:08:52.053) INFO: [TadModel$3] Loading of TAD Global Status took 514 ms
(09:08:52.053) INFO: [TadGlobalStatusController] TAD global status data is ready!
(09:09:05.548) INFO: [TadState] TAD state changed from READY to DEBUG_RESUMED (Resumed, USER_REQUEST)
(09:09:10.917) INFO: [TadState] TAD state changed from DEBUG_RESUMED to READY (Suspended, BREAKPOINT)
(09:09:11.430) ReadingException: com.freescale.mqx.gdb.tad.model.globalstatus.TadGlobalStatusFactory.isMqxDataValid() at 60.line "readLongVariableSafely(_mqx_kernel_data)"
(09:09:11.430) ERROR: [TadGlobalStatusFactory] Kernel Data NOT valid (pointer: 0x0000)
(09:09:11.430) ERROR: [TadGlobalStatusFactory] MQX data not valid!
(09:09:11.430) INFO: [TadModel$3] Loading of TAD Global Status took 510 ms
(09:09:11.430) INFO: [TadGlobalStatusController] TAD global status data is ready!
(09:09:41.235) INFO: [TadModel] DSF session ID 10 has ended
(09:09:47.772) INFO: [TadModel] DSF session ID 11 has started
(09:09:50.259) INFO: [TadState] TAD state changed from DEBUG_STARTED to DEBUG_INIT_0 (Suspended, USER_REQUEST)
(09:09:53.136) INFO: [TadState] TAD state changed from DEBUG_INIT_0 to DEBUG_INIT_1 (Resumed, USER_REQUEST)
(09:09:53.172) INFO: [TadState] TAD state changed from DEBUG_INIT_1 to DEBUG_SUSPENDED (Suspended, BREAKPOINT)
(09:09:54.227) INFO: [TadState] TAD state changed from DEBUG_SUSPENDED to DEBUG_RESUMED (Resumed, USER_REQUEST)
(09:10:01.349) INFO: [TadModel] DSF session ID 11 has ended
(09:14:42.991) INFO: [TadModel] DSF session ID 12 has started
(09:14:45.501) INFO: [TadState] TAD state changed from DEBUG_STARTED to DEBUG_INIT_0 (Suspended, USER_REQUEST)
(09:14:48.342) INFO: [TadState] TAD state changed from DEBUG_INIT_0 to DEBUG_INIT_1 (Resumed, USER_REQUEST)
(09:14:48.378) INFO: [TadState] TAD state changed from DEBUG_INIT_1 to DEBUG_SUSPENDED (Suspended, BREAKPOINT)
(09:14:50.649) INFO: [TadState] TAD state changed from DEBUG_SUSPENDED to DEBUG_RESUMED (Resumed, USER_REQUEST)
(09:15:33.656) INFO: [TadState] TAD state changed from DEBUG_RESUMED to READY (Suspended, SIGNAL)
(09:15:34.162) ReadingException: com.freescale.mqx.gdb.tad.model.globalstatus.TadGlobalStatusFactory.isMqxDataValid() at 60.line "readLongVariableSafely(_mqx_kernel_data)"
(09:15:34.162) ERROR: [TadGlobalStatusFactory] Kernel Data NOT valid (pointer: 0x0000)
(09:15:34.162) ERROR: [TadGlobalStatusFactory] MQX data not valid!
(09:15:34.162) INFO: [TadModel$3] Loading of TAD Global Status took 503 ms
(09:15:34.162) INFO: [TadGlobalStatusController] TAD global status data is ready!
(09:15:35.792) INFO: [TadModel] DSF session ID 12 has ended
(09:15:38.749) INFO: [TadModel] DSF session ID 13 has started
(09:15:41.230) INFO: [TadState] TAD state changed from DEBUG_STARTED to DEBUG_INIT_0 (Suspended, USER_REQUEST)
(09:15:44.103) INFO: [TadState] TAD state changed from DEBUG_INIT_0 to DEBUG_INIT_1 (Resumed, USER_REQUEST)
(09:15:44.137) INFO: [TadState] TAD state changed from DEBUG_INIT_1 to DEBUG_SUSPENDED (Suspended, BREAKPOINT)
(09:15:50.496) INFO: [TadState] TAD state changed from DEBUG_SUSPENDED to DEBUG_RESUMED (Resumed, USER_REQUEST)
(09:16:21.654) INFO: [TadState] TAD state changed from DEBUG_RESUMED to READY (Suspended, BREAKPOINT)
(09:16:22.166) ReadingException: com.freescale.mqx.gdb.tad.model.globalstatus.TadGlobalStatusFactory.isMqxDataValid() at 60.line "readLongVariableSafely(_mqx_kernel_data)"
(09:16:22.166) ERROR: [TadGlobalStatusFactory] Kernel Data NOT valid (pointer: 0x0000)
(09:16:22.166) ERROR: [TadGlobalStatusFactory] MQX data not valid!
(09:16:22.166) INFO: [TadModel$3] Loading of TAD Global Status took 508 ms
(09:16:22.166) INFO: [TadGlobalStatusController] TAD global status data is ready!
(09:16:27.115) INFO: [TadState] TAD state changed from READY to DEBUG_RESUMED (Resumed, USER_REQUEST)
(09:17:08.466) INFO: [TadState] TAD state changed from DEBUG_RESUMED to READY (Suspended, BREAKPOINT)
(09:17:08.979) ReadingException: com.freescale.mqx.gdb.tad.model.globalstatus.TadGlobalStatusFactory.isMqxDataValid() at 60.line "readLongVariableSafely(_mqx_kernel_data)"
(09:17:08.979) ERROR: [TadGlobalStatusFactory] Kernel Data NOT valid (pointer: 0x0000)
(09:17:08.980) ERROR: [TadGlobalStatusFactory] MQX data not valid!
(09:17:08.980) INFO: [TadModel$3] Loading of TAD Global Status took 511 ms
(09:17:08.980) INFO: [TadGlobalStatusController] TAD global status data is ready!
(09:17:16.507) INFO: [TadState] TAD state changed from READY to DEBUG_RESUMED (Resumed, USER_REQUEST)
(09:17:55.041) INFO: [TadState] TAD state changed from DEBUG_RESUMED to READY (Suspended, BREAKPOINT)
(09:17:55.549) ReadingException: com.freescale.mqx.gdb.tad.model.globalstatus.TadGlobalStatusFactory.isMqxDataValid() at 60.line "readLongVariableSafely(_mqx_kernel_data)"
(09:17:55.549) ERROR: [TadGlobalStatusFactory] Kernel Data NOT valid (pointer: 0x0000)
(09:17:55.549) ERROR: [TadGlobalStatusFactory] MQX data not valid!
(09:17:55.549) INFO: [TadModel$3] Loading of TAD Global Status took 505 ms
(09:17:55.550) INFO: [TadGlobalStatusController] TAD global status data is ready!
(09:18:32.464) INFO: [TadState] TAD state changed from READY to DEBUG_RESUMED (Resumed, USER_REQUEST)
(09:18:39.503) INFO: [TadState] TAD state changed from DEBUG_RESUMED to READY (Suspended, BREAKPOINT)
(09:18:40.018) ReadingException: com.freescale.mqx.gdb.tad.model.globalstatus.TadGlobalStatusFactory.isMqxDataValid() at 60.line "readLongVariableSafely(_mqx_kernel_data)"
(09:18:40.018) ERROR: [TadGlobalStatusFactory] Kernel Data NOT valid (pointer: 0x0000)
(09:18:40.018) ERROR: [TadGlobalStatusFactory] MQX data not valid!
(09:18:40.019) INFO: [TadModel$3] Loading of TAD Global Status took 513 ms
(09:18:40.019) INFO: [TadGlobalStatusController] TAD global status data is ready!
(09:18:43.758) INFO: [TadState] TAD state changed from READY to DEBUG_RESUMED (Resumed, USER_REQUEST)
(09:19:19.823) INFO: [TadState] TAD state changed from DEBUG_RESUMED to READY (Suspended, BREAKPOINT)
(09:19:20.336) ReadingException: com.freescale.mqx.gdb.tad.model.globalstatus.TadGlobalStatusFactory.isMqxDataValid() at 60.line "readLongVariableSafely(_mqx_kernel_data)"
(09:19:20.336) ERROR: [TadGlobalStatusFactory] Kernel Data NOT valid (pointer: 0x0000)
(09:19:20.337) ERROR: [TadGlobalStatusFactory] MQX data not valid!
(09:19:20.337) INFO: [TadModel$3] Loading of TAD Global Status took 511 ms
(09:19:20.337) INFO: [TadGlobalStatusController] TAD global status data is ready!
(09:19:25.692) INFO: [TadState] TAD state changed from READY to DEBUG_RESUMED (Resumed, USER_REQUEST)
(09:19:29.476) INFO: [TadState] TAD state changed from DEBUG_RESUMED to READY (Suspended, BREAKPOINT)
(09:19:29.987) ReadingException: com.freescale.mqx.gdb.tad.model.globalstatus.TadGlobalStatusFactory.isMqxDataValid() at 60.line "readLongVariableSafely(_mqx_kernel_data)"
(09:19:29.987) ERROR: [TadGlobalStatusFactory] Kernel Data NOT valid (pointer: 0x0000)
(09:19:29.988) ERROR: [TadGlobalStatusFactory] MQX data not valid!
(09:19:29.988) INFO: [TadModel$3] Loading of TAD Global Status took 510 ms
(09:19:29.988) INFO: [TadGlobalStatusController] TAD global status data is ready!
(09:19:32.439) INFO: [TadState] TAD state changed from READY to DEBUG_RESUMED (Resumed, USER_REQUEST)
(09:19:50.260) INFO: [TadState] TAD state changed from DEBUG_RESUMED to READY (Suspended, BREAKPOINT)
(09:19:50.773) ReadingException: com.freescale.mqx.gdb.tad.model.globalstatus.TadGlobalStatusFactory.isMqxDataValid() at 60.line "readLongVariableSafely(_mqx_kernel_data)"
(09:19:50.773) ERROR: [TadGlobalStatusFactory] Kernel Data NOT valid (pointer: 0x0000)
(09:19:50.773) ERROR: [TadGlobalStatusFactory] MQX data not valid!
(09:19:50.774) INFO: [TadModel$3] Loading of TAD Global Status took 511 ms
(09:19:50.774) INFO: [TadGlobalStatusController] TAD global status data is ready!
(09:20:17.245) INFO: [TadState] TAD state changed from READY to DEBUG_RESUMED (Resumed, USER_REQUEST)
(09:20:19.227) INFO: [TadState] TAD state changed from DEBUG_RESUMED to READY (Suspended, BREAKPOINT)
(09:20:19.741) ReadingException: com.freescale.mqx.gdb.tad.model.globalstatus.TadGlobalStatusFactory.isMqxDataValid() at 60.line "readLongVariableSafely(_mqx_kernel_data)"
(09:20:19.741) ERROR: [TadGlobalStatusFactory] Kernel Data NOT valid (pointer: 0x0000)
(09:20:19.741) ERROR: [TadGlobalStatusFactory] MQX data not valid!
(09:20:19.741) INFO: [TadModel$3] Loading of TAD Global Status took 509 ms
(09:20:19.741) INFO: [TadGlobalStatusController] TAD global status data is ready!
(09:20:23.187) INFO: [TadState] TAD state changed from READY to DEBUG_RESUMED (Resumed, USER_REQUEST)
(09:20:25.625) INFO: [TadState] TAD state changed from DEBUG_RESUMED to READY (Suspended, BREAKPOINT)
(09:20:26.132) ReadingException: com.freescale.mqx.gdb.tad.model.globalstatus.TadGlobalStatusFactory.isMqxDataValid() at 60.line "readLongVariableSafely(_mqx_kernel_data)"
(09:20:26.132) ERROR: [TadGlobalStatusFactory] Kernel Data NOT valid (pointer: 0x0000)
(09:20:26.132) ERROR: [TadGlobalStatusFactory] MQX data not valid!
(09:20:26.133) INFO: [TadModel$3] Loading of TAD Global Status took 505 ms
(09:20:26.133) INFO: [TadGlobalStatusController] TAD global status data is ready!
(09:20:31.315) INFO: [TadState] TAD state changed from READY to DEBUG_RESUMED (Resumed, USER_REQUEST)
(09:20:33.857) INFO: [TadState] TAD state changed from DEBUG_RESUMED to READY (Suspended, BREAKPOINT)
(09:20:34.370) ReadingException: com.freescale.mqx.gdb.tad.model.globalstatus.TadGlobalStatusFactory.isMqxDataValid() at 60.line "readLongVariableSafely(_mqx_kernel_data)"
(09:20:34.370) ERROR: [TadGlobalStatusFactory] Kernel Data NOT valid (pointer: 0x0000)
(09:20:34.371) ERROR: [TadGlobalStatusFactory] MQX data not valid!
(09:20:34.371) INFO: [TadModel$3] Loading of TAD Global Status took 511 ms
(09:20:34.371) INFO: [TadGlobalStatusController] TAD global status data is ready!
(09:20:38.964) INFO: [TadState] TAD state changed from READY to DEBUG_RESUMED (Resumed, USER_REQUEST)
(09:20:44.665) INFO: [TadState] TAD state changed from DEBUG_RESUMED to READY (Suspended, BREAKPOINT)
(09:20:45.173) ReadingException: com.freescale.mqx.gdb.tad.model.globalstatus.TadGlobalStatusFactory.isMqxDataValid() at 60.line "readLongVariableSafely(_mqx_kernel_data)"
(09:20:45.173) ERROR: [TadGlobalStatusFactory] Kernel Data NOT valid (pointer: 0x0000)
(09:20:45.173) ERROR: [TadGlobalStatusFactory] MQX data not valid!
(09:20:45.173) INFO: [TadModel$3] Loading of TAD Global Status took 505 ms
(09:20:45.173) INFO: [TadGlobalStatusController] TAD global status data is ready!
(09:20:57.092) INFO: [TadState] TAD state changed from READY to DEBUG_RESUMED (Resumed, USER_REQUEST)
(09:20:59.775) INFO: [TadState] TAD state changed from DEBUG_RESUMED to READY (Suspended, BREAKPOINT)
(09:21:00.290) ReadingException: com.freescale.mqx.gdb.tad.model.globalstatus.TadGlobalStatusFactory.isMqxDataValid() at 60.line "readLongVariableSafely(_mqx_kernel_data)"
(09:21:00.290) ERROR: [TadGlobalStatusFactory] Kernel Data NOT valid (pointer: 0x0000)
(09:21:00.290) ERROR: [TadGlobalStatusFactory] MQX data not valid!
(09:21:00.290) INFO: [TadModel$3] Loading of TAD Global Status took 512 ms
(09:21:00.290) INFO: [TadGlobalStatusController] TAD global status data is ready!
(09:22:22.876) INFO: [TadModel] DSF session ID 13 has ended
(09:25:11.743) INFO: [TadModel] DSF session ID 14 has started
(09:25:14.227) INFO: [TadState] TAD state changed from DEBUG_STARTED to DEBUG_INIT_0 (Suspended, USER_REQUEST)
(09:25:17.088) INFO: [TadState] TAD state changed from DEBUG_INIT_0 to DEBUG_INIT_1 (Resumed, USER_REQUEST)
(09:25:17.122) INFO: [TadState] TAD state changed from DEBUG_INIT_1 to DEBUG_SUSPENDED (Suspended, BREAKPOINT)
(09:25:20.481) INFO: [TadState] TAD state changed from DEBUG_SUSPENDED to DEBUG_RESUMED (Resumed, USER_REQUEST)
(09:25:52.711) INFO: [TadState] TAD state changed from DEBUG_RESUMED to READY (Suspended, BREAKPOINT)
(09:25:53.223) ReadingException: com.freescale.mqx.gdb.tad.model.globalstatus.TadGlobalStatusFactory.isMqxDataValid() at 60.line "readLongVariableSafely(_mqx_kernel_data)"
(09:25:53.223) ERROR: [TadGlobalStatusFactory] Kernel Data NOT valid (pointer: 0x0000)
(09:25:53.223) ERROR: [TadGlobalStatusFactory] MQX data not valid!
(09:25:53.223) INFO: [TadModel$3] Loading of TAD Global Status took 509 ms
(09:25:53.223) INFO: [TadGlobalStatusController] TAD global status data is ready!
(09:26:13.727) INFO: [TadModel] DSF session ID 14 has ended
(09:26:57.571) INFO: [TadModel] DSF session ID 15 has started
(09:27:00.058) INFO: [TadState] TAD state changed from DEBUG_STARTED to DEBUG_INIT_0 (Suspended, USER_REQUEST)
(09:27:02.928) INFO: [TadState] TAD state changed from DEBUG_INIT_0 to DEBUG_INIT_1 (Resumed, USER_REQUEST)
(09:27:02.960) INFO: [TadState] TAD state changed from DEBUG_INIT_1 to DEBUG_SUSPENDED (Suspended, BREAKPOINT)
(09:27:04.654) INFO: [TadState] TAD state changed from DEBUG_SUSPENDED to DEBUG_RESUMED (Resumed, USER_REQUEST)
(09:27:34.756) INFO: [TadModel] DSF session ID 15 has ended
(09:27:54.250) INFO: [TadModel] DSF session ID 16 has started
(09:27:56.744) INFO: [TadState] TAD state changed from DEBUG_STARTED to DEBUG_INIT_0 (Suspended, USER_REQUEST)
(09:27:59.632) INFO: [TadState] TAD state changed from DEBUG_INIT_0 to DEBUG_INIT_1 (Resumed, USER_REQUEST)
(09:27:59.666) INFO: [TadState] TAD state changed from DEBUG_INIT_1 to DEBUG_SUSPENDED (Suspended, BREAKPOINT)
(09:28:02.916) INFO: [TadState] TAD state changed from DEBUG_SUSPENDED to DEBUG_RESUMED (Resumed, USER_REQUEST)
(09:28:22.626) INFO: [TadModel] DSF session ID 16 has ended
(09:29:06.117) INFO: [TadModel] DSF session ID 17 has started
(09:29:08.527) INFO: [TadState] TAD state changed from DEBUG_STARTED to DEBUG_INIT_0 (Suspended, USER_REQUEST)
(09:29:11.376) INFO: [TadState] TAD state changed from DEBUG_INIT_0 to DEBUG_INIT_1 (Resumed, USER_REQUEST)
(09:29:11.412) INFO: [TadState] TAD state changed from DEBUG_INIT_1 to DEBUG_SUSPENDED (Suspended, BREAKPOINT)
(09:29:13.356) INFO: [TadState] TAD state changed from DEBUG_SUSPENDED to DEBUG_RESUMED (Resumed, USER_REQUEST)
(09:29:51.354) INFO: [TadState] TAD state changed from DEBUG_RESUMED to READY (Suspended, SIGNAL)
(09:29:51.868) ReadingException: com.freescale.mqx.gdb.tad.model.globalstatus.TadGlobalStatusFactory.isMqxDataValid() at 60.line "readLongVariableSafely(_mqx_kernel_data)"
(09:29:51.868) ERROR: [TadGlobalStatusFactory] Kernel Data NOT valid (pointer: 0x0000)
(09:29:51.869) ERROR: [TadGlobalStatusFactory] MQX data not valid!
(09:29:51.869) INFO: [TadModel$3] Loading of TAD Global Status took 513 ms
(09:29:51.869) INFO: [TadGlobalStatusController] TAD global status data is ready!
(09:29:53.493) INFO: [TadModel] DSF session ID 17 has ended
(09:30:10.024) INFO: [TadModel] DSF session ID 18 has started
(09:30:12.544) INFO: [TadState] TAD state changed from DEBUG_STARTED to DEBUG_INIT_0 (Suspended, USER_REQUEST)
(09:30:15.389) INFO: [TadState] TAD state changed from DEBUG_INIT_0 to DEBUG_INIT_1 (Resumed, USER_REQUEST)
(09:30:15.424) INFO: [TadState] TAD state changed from DEBUG_INIT_1 to DEBUG_SUSPENDED (Suspended, BREAKPOINT)
(09:30:17.885) INFO: [TadState] TAD state changed from DEBUG_SUSPENDED to DEBUG_RESUMED (Resumed, USER_REQUEST)
(09:30:18.973) INFO: [TadState] TAD state changed from DEBUG_RESUMED to READY (Suspended, BREAKPOINT)
(09:30:19.482) ReadingException: com.freescale.mqx.gdb.tad.model.globalstatus.TadGlobalStatusFactory.isMqxDataValid() at 60.line "readLongVariableSafely(_mqx_kernel_data)"
(09:30:19.482) ERROR: [TadGlobalStatusFactory] Kernel Data NOT valid (pointer: 0x0000)
(09:30:19.482) ERROR: [TadGlobalStatusFactory] MQX data not valid!
(09:30:19.483) INFO: [TadModel$3] Loading of TAD Global Status took 506 ms
(09:30:19.483) INFO: [TadGlobalStatusController] TAD global status data is ready!
(09:30:38.963) INFO: [TadState] TAD state changed from READY to DEBUG_RESUMED (Resumed, USER_REQUEST)
(09:30:52.579) INFO: [TadState] TAD state changed from DEBUG_RESUMED to READY (Suspended, BREAKPOINT)
(09:30:53.087) ReadingException: com.freescale.mqx.gdb.tad.model.globalstatus.TadGlobalStatusFactory.isMqxDataValid() at 60.line "readLongVariableSafely(_mqx_kernel_data)"
(09:30:53.087) ERROR: [TadGlobalStatusFactory] Kernel Data NOT valid (pointer: 0x0000)
(09:30:53.087) ERROR: [TadGlobalStatusFactory] MQX data not valid!
(09:30:53.087) INFO: [TadModel$3] Loading of TAD Global Status took 504 ms
(09:30:53.089) INFO: [TadGlobalStatusController] TAD global status data is ready!
(09:30:58.157) INFO: [TadState] TAD state changed from READY to DEBUG_RESUMED (Resumed, USER_REQUEST)
(09:31:01.045) INFO: [TadState] TAD state changed from DEBUG_RESUMED to READY (Suspended, BREAKPOINT)
(09:31:01.556) ReadingException: com.freescale.mqx.gdb.tad.model.globalstatus.TadGlobalStatusFactory.isMqxDataValid() at 60.line "readLongVariableSafely(_mqx_kernel_data)"
(09:31:01.556) ERROR: [TadGlobalStatusFactory] Kernel Data NOT valid (pointer: 0x0000)
(09:31:01.556) ERROR: [TadGlobalStatusFactory] MQX data not valid!
(09:31:01.556) INFO: [TadModel$3] Loading of TAD Global Status took 508 ms
(09:31:01.556) INFO: [TadGlobalStatusController] TAD global status data is ready!
(09:31:13.176) INFO: [TadModel] DSF session ID 18 has ended
(09:31:18.469) INFO: [TadModel] DSF session ID 19 has started
(09:31:20.928) INFO: [TadState] TAD state changed from DEBUG_STARTED to DEBUG_INIT_0 (Suspended, USER_REQUEST)
(09:31:23.807) INFO: [TadState] TAD state changed from DEBUG_INIT_0 to DEBUG_INIT_1 (Resumed, USER_REQUEST)
(09:31:23.843) INFO: [TadState] TAD state changed from DEBUG_INIT_1 to DEBUG_SUSPENDED (Suspended, BREAKPOINT)
(09:31:27.390) INFO: [TadState] TAD state changed from DEBUG_SUSPENDED to DEBUG_RESUMED (Resumed, USER_REQUEST)
(09:31:28.223) INFO: [TadState] TAD state changed from DEBUG_RESUMED to READY (Suspended, BREAKPOINT)
(09:31:28.736) ReadingException: com.freescale.mqx.gdb.tad.model.globalstatus.TadGlobalStatusFactory.isMqxDataValid() at 60.line "readLongVariableSafely(_mqx_kernel_data)"
(09:31:28.736) ERROR: [TadGlobalStatusFactory] Kernel Data NOT valid (pointer: 0x0000)
(09:31:28.736) ERROR: [TadGlobalStatusFactory] MQX data not valid!
(09:31:28.736) INFO: [TadModel$3] Loading of TAD Global Status took 509 ms
(09:31:28.736) INFO: [TadGlobalStatusController] TAD global status data is ready!
(09:31:32.904) INFO: [TadState] TAD state changed from READY to DEBUG_RESUMED (Resumed, USER_REQUEST)
(09:31:38.570) INFO: [TadState] TAD state changed from DEBUG_RESUMED to READY (Suspended, BREAKPOINT)
(09:31:39.081) ReadingException: com.freescale.mqx.gdb.tad.model.globalstatus.TadGlobalStatusFactory.isMqxDataValid() at 60.line "readLongVariableSafely(_mqx_kernel_data)"
(09:31:39.081) ERROR: [TadGlobalStatusFactory] Kernel Data NOT valid (pointer: 0x0000)
(09:31:39.081) ERROR: [TadGlobalStatusFactory] MQX data not valid!
(09:31:39.081) INFO: [TadModel$3] Loading of TAD Global Status took 507 ms
(09:31:39.082) INFO: [TadGlobalStatusController] TAD global status data is ready!
(09:31:43.303) INFO: [TadState] TAD state changed from READY to DEBUG_RESUMED (Resumed, USER_REQUEST)
(09:31:45.659) INFO: [TadState] TAD state changed from DEBUG_RESUMED to READY (Suspended, BREAKPOINT)
(09:31:46.173) ReadingException: com.freescale.mqx.gdb.tad.model.globalstatus.TadGlobalStatusFactory.isMqxDataValid() at 60.line "readLongVariableSafely(_mqx_kernel_data)"
(09:31:46.173) ERROR: [TadGlobalStatusFactory] Kernel Data NOT valid (pointer: 0x0000)
(09:31:46.174) ERROR: [TadGlobalStatusFactory] MQX data not valid!
(09:31:46.174) INFO: [TadModel$3] Loading of TAD Global Status took 513 ms
(09:31:46.174) INFO: [TadGlobalStatusController] TAD global status data is ready!
(09:31:48.547) INFO: [TadState] TAD state changed from READY to DEBUG_RESUMED (Resumed, USER_REQUEST)
(09:31:56.636) INFO: [TadState] TAD state changed from DEBUG_RESUMED to READY (Suspended, BREAKPOINT)
(09:31:57.145) ReadingException: com.freescale.mqx.gdb.tad.model.globalstatus.TadGlobalStatusFactory.isMqxDataValid() at 60.line "readLongVariableSafely(_mqx_kernel_data)"
(09:31:57.145) ERROR: [TadGlobalStatusFactory] Kernel Data NOT valid (pointer: 0x0000)
(09:31:57.145) ERROR: [TadGlobalStatusFactory] MQX data not valid!
(09:31:57.145) INFO: [TadModel$3] Loading of TAD Global Status took 507 ms
(09:31:57.145) INFO: [TadGlobalStatusController] TAD global status data is ready!
(09:32:05.276) INFO: [TadState] TAD state changed from READY to DEBUG_RESUMED (Resumed, USER_REQUEST)
(09:32:11.775) INFO: [TadState] TAD state changed from DEBUG_RESUMED to READY (Suspended, BREAKPOINT)
(09:32:12.283) ReadingException: com.freescale.mqx.gdb.tad.model.globalstatus.TadGlobalStatusFactory.isMqxDataValid() at 60.line "readLongVariableSafely(_mqx_kernel_data)"
(09:32:12.283) ERROR: [TadGlobalStatusFactory] Kernel Data NOT valid (pointer: 0x0000)
(09:32:12.283) ERROR: [TadGlobalStatusFactory] MQX data not valid!
(09:32:12.283) INFO: [TadModel$3] Loading of TAD Global Status took 506 ms
(09:32:12.283) INFO: [TadGlobalStatusController] TAD global status data is ready!
(09:32:15.372) INFO: [TadState] TAD state changed from READY to DEBUG_RESUMED (Resumed, USER_REQUEST)
(09:32:17.439) INFO: [TadState] TAD state changed from DEBUG_RESUMED to READY (Suspended, BREAKPOINT)
(09:32:17.952) ReadingException: com.freescale.mqx.gdb.tad.model.globalstatus.TadGlobalStatusFactory.isMqxDataValid() at 60.line "readLongVariableSafely(_mqx_kernel_data)"
(09:32:17.952) ERROR: [TadGlobalStatusFactory] Kernel Data NOT valid (pointer: 0x0000)
(09:32:17.952) ERROR: [TadGlobalStatusFactory] MQX data not valid!
(09:32:17.952) INFO: [TadModel$3] Loading of TAD Global Status took 510 ms
(09:32:17.952) INFO: [TadGlobalStatusController] TAD global status data is ready!
(09:32:20.732) INFO: [TadState] TAD state changed from READY to DEBUG_RESUMED (Resumed, USER_REQUEST)
(09:32:26.599) INFO: [TadState] TAD state changed from DEBUG_RESUMED to READY (Suspended, BREAKPOINT)
(09:32:27.108) ReadingException: com.freescale.mqx.gdb.tad.model.globalstatus.TadGlobalStatusFactory.isMqxDataValid() at 60.line "readLongVariableSafely(_mqx_kernel_data)"
(09:32:27.108) ERROR: [TadGlobalStatusFactory] Kernel Data NOT valid (pointer: 0x0000)
(09:32:27.108) ERROR: [TadGlobalStatusFactory] MQX data not valid!
(09:32:27.108) INFO: [TadModel$3] Loading of TAD Global Status took 507 ms
(09:32:27.109) INFO: [TadGlobalStatusController] TAD global status data is ready!
(09:32:30.643) INFO: [TadState] TAD state changed from READY to DEBUG_RESUMED (Resumed, USER_REQUEST)
(09:32:32.946) INFO: [TadState] TAD state changed from DEBUG_RESUMED to READY (Suspended, BREAKPOINT)
(09:32:33.462) ReadingException: com.freescale.mqx.gdb.tad.model.globalstatus.TadGlobalStatusFactory.isMqxDataValid() at 60.line "readLongVariableSafely(_mqx_kernel_data)"
(09:32:33.462) ERROR: [TadGlobalStatusFactory] Kernel Data NOT valid (pointer: 0x0000)
(09:32:33.462) ERROR: [TadGlobalStatusFactory] MQX data not valid!
(09:32:33.463) INFO: [TadModel$3] Loading of TAD Global Status took 513 ms
(09:32:33.463) INFO: [TadGlobalStatusController] TAD global status data is ready!
(09:32:37.103) INFO: [TadState] TAD state changed from READY to DEBUG_RESUMED (Resumed, USER_REQUEST)
(09:32:46.393) INFO: [TadState] TAD state changed from DEBUG_RESUMED to READY (Suspended, BREAKPOINT)
(09:32:46.906) ReadingException: com.freescale.mqx.gdb.tad.model.globalstatus.TadGlobalStatusFactory.isMqxDataValid() at 60.line "readLongVariableSafely(_mqx_kernel_data)"
(09:32:46.906) ERROR: [TadGlobalStatusFactory] Kernel Data NOT valid (pointer: 0x0000)
(09:32:46.906) ERROR: [TadGlobalStatusFactory] MQX data not valid!
(09:32:46.906) INFO: [TadModel$3] Loading of TAD Global Status took 510 ms
(09:32:46.907) INFO: [TadGlobalStatusController] TAD global status data is ready!
